[2025-10-24 09:15:27Z INFO HostContext] No proxy settings were found based on environmental variables (http_proxy/https_proxy/HTTP_PROXY/HTTPS_PROXY)
[2025-10-24 09:15:27Z INFO HostContext] Well known directory 'Bin': 'C:\Users\Raika\Desktop\vuln-server\actions-runner\bin'
[2025-10-24 09:15:27Z INFO HostContext] Well known directory 'Root': 'C:\Users\Raika\Desktop\vuln-server\actions-runner'
[2025-10-24 09:15:27Z INFO HostContext] Well known config file 'Credentials': 'C:\Users\Raika\Desktop\vuln-server\actions-runner\.credentials'
[2025-10-24 09:15:27Z INFO HostContext] Well known directory 'Bin': 'C:\Users\Raika\Desktop\vuln-server\actions-runner\bin'
[2025-10-24 09:15:27Z INFO HostContext] Well known directory 'Root': 'C:\Users\Raika\Desktop\vuln-server\actions-runner'
[2025-10-24 09:15:27Z INFO HostContext] Well known config file 'Runner': 'C:\Users\Raika\Desktop\vuln-server\actions-runner\.runner'
[2025-10-24 09:15:27Z INFO Listener] Runner is built for Windows (X64) - win-x64.
[2025-10-24 09:15:27Z INFO Listener] RuntimeInformation: Microsoft Windows 10.0.22631.
[2025-10-24 09:15:27Z INFO Listener] Version: 2.329.0
[2025-10-24 09:15:27Z INFO Listener] Commit: c76c59996c8fa32e989164a5a695efb12608ae5a
[2025-10-24 09:15:27Z INFO Listener] Culture: en-US
[2025-10-24 09:15:27Z INFO Listener] UI Culture: fr-FR
[2025-10-24 09:15:27Z INFO HostContext] Well known directory 'Bin': 'C:\Users\Raika\Desktop\vuln-server\actions-runner\bin'
[2025-10-24 09:15:27Z INFO HostContext] Well known directory 'Root': 'C:\Users\Raika\Desktop\vuln-server\actions-runner'
[2025-10-24 09:15:27Z INFO Listener] Validating directory permissions for: 'C:\Users\Raika\Desktop\vuln-server\actions-runner'
[2025-10-24 09:15:27Z INFO CommandLineParser] Parse
[2025-10-24 09:15:27Z INFO CommandLineParser] Parsing 1 args
[2025-10-24 09:15:27Z INFO CommandLineParser] parsing argument
[2025-10-24 09:15:27Z INFO CommandLineParser] HasArgs: False
[2025-10-24 09:15:27Z INFO CommandLineParser] Adding Command: remove
[2025-10-24 09:15:27Z INFO Listener] Arguments parsed
[2025-10-24 09:15:27Z INFO Runner] ExecuteCommand
[2025-10-24 09:15:27Z INFO ConfigurationStore] currentAssemblyLocation: C:\Users\Raika\Desktop\vuln-server\actions-runner\bin\Runner.Listener.dll
[2025-10-24 09:15:27Z INFO HostContext] Well known directory 'Bin': 'C:\Users\Raika\Desktop\vuln-server\actions-runner\bin'
[2025-10-24 09:15:27Z INFO ConfigurationStore] binPath: C:\Users\Raika\Desktop\vuln-server\actions-runner\bin
[2025-10-24 09:15:27Z INFO HostContext] Well known directory 'Bin': 'C:\Users\Raika\Desktop\vuln-server\actions-runner\bin'
[2025-10-24 09:15:27Z INFO HostContext] Well known directory 'Root': 'C:\Users\Raika\Desktop\vuln-server\actions-runner'
[2025-10-24 09:15:27Z INFO ConfigurationStore] RootFolder: C:\Users\Raika\Desktop\vuln-server\actions-runner
[2025-10-24 09:15:27Z INFO HostContext] Well known directory 'Bin': 'C:\Users\Raika\Desktop\vuln-server\actions-runner\bin'
[2025-10-24 09:15:27Z INFO HostContext] Well known directory 'Root': 'C:\Users\Raika\Desktop\vuln-server\actions-runner'
[2025-10-24 09:15:27Z INFO HostContext] Well known config file 'Runner': 'C:\Users\Raika\Desktop\vuln-server\actions-runner\.runner'
[2025-10-24 09:15:27Z INFO ConfigurationStore] ConfigFilePath: C:\Users\Raika\Desktop\vuln-server\actions-runner\.runner
[2025-10-24 09:15:27Z INFO HostContext] Well known directory 'Bin': 'C:\Users\Raika\Desktop\vuln-server\actions-runner\bin'
[2025-10-24 09:15:27Z INFO HostContext] Well known directory 'Root': 'C:\Users\Raika\Desktop\vuln-server\actions-runner'
[2025-10-24 09:15:27Z INFO HostContext] Well known config file 'MigratedRunner': 'C:\Users\Raika\Desktop\vuln-server\actions-runner\.runner_migrated'
[2025-10-24 09:15:27Z INFO ConfigurationStore] MigratedConfigFilePath: C:\Users\Raika\Desktop\vuln-server\actions-runner\.runner_migrated
[2025-10-24 09:15:27Z INFO HostContext] Well known directory 'Bin': 'C:\Users\Raika\Desktop\vuln-server\actions-runner\bin'
[2025-10-24 09:15:27Z INFO HostContext] Well known directory 'Root': 'C:\Users\Raika\Desktop\vuln-server\actions-runner'
[2025-10-24 09:15:27Z INFO HostContext] Well known config file 'Credentials': 'C:\Users\Raika\Desktop\vuln-server\actions-runner\.credentials'
[2025-10-24 09:15:27Z INFO ConfigurationStore] CredFilePath: C:\Users\Raika\Desktop\vuln-server\actions-runner\.credentials
[2025-10-24 09:15:27Z INFO HostContext] Well known directory 'Bin': 'C:\Users\Raika\Desktop\vuln-server\actions-runner\bin'
[2025-10-24 09:15:27Z INFO HostContext] Well known directory 'Root': 'C:\Users\Raika\Desktop\vuln-server\actions-runner'
[2025-10-24 09:15:27Z INFO HostContext] Well known config file 'MigratedCredentials': 'C:\Users\Raika\Desktop\vuln-server\actions-runner\.credentials_migrated'
[2025-10-24 09:15:27Z INFO ConfigurationStore] MigratedCredFilePath: C:\Users\Raika\Desktop\vuln-server\actions-runner\.credentials_migrated
[2025-10-24 09:15:27Z INFO HostContext] Well known directory 'Bin': 'C:\Users\Raika\Desktop\vuln-server\actions-runner\bin'
[2025-10-24 09:15:27Z INFO HostContext] Well known directory 'Root': 'C:\Users\Raika\Desktop\vuln-server\actions-runner'
[2025-10-24 09:15:27Z INFO HostContext] Well known config file 'Service': 'C:\Users\Raika\Desktop\vuln-server\actions-runner\.service'
[2025-10-24 09:15:27Z INFO ConfigurationStore] ServiceConfigFilePath: C:\Users\Raika\Desktop\vuln-server\actions-runner\.service
[2025-10-24 09:15:27Z INFO CommandSettings] Flag 'help': 'False'
[2025-10-24 09:15:27Z INFO CommandSettings] Flag 'version': 'False'
[2025-10-24 09:15:27Z INFO CommandSettings] Flag 'commit': 'False'
[2025-10-24 09:15:27Z INFO CommandSettings] Flag 'check': 'False'
[2025-10-24 09:15:27Z INFO CommandSettings] Command 'configure': 'False'
[2025-10-24 09:15:27Z INFO CommandSettings] Command 'remove': 'True'
[2025-10-24 09:15:27Z INFO CommandSettings] Flag 'local': 'False'
[2025-10-24 09:15:27Z INFO ConfigurationStore] IsServiceConfigured()
[2025-10-24 09:15:27Z INFO ConfigurationStore] IsServiceConfigured: False
[2025-10-24 09:15:27Z INFO ConfigurationStore] IsConfigured()
[2025-10-24 09:15:27Z INFO ConfigurationStore] IsConfigured: True
[2025-10-24 09:15:27Z INFO ConfigurationStore] HasCredentials()
[2025-10-24 09:15:27Z INFO ConfigurationStore] stored True
[2025-10-24 09:15:27Z INFO ConfigurationStore] Read setting file: 402 chars
[2025-10-24 09:15:27Z INFO CommandSettings] Arg 'token': ''
[2025-10-24 09:15:27Z INFO CommandSettings] Flag 'unattended': 'False'
[2025-10-24 09:15:27Z INFO PromptManager] ReadValue
[2025-10-24 09:15:27Z INFO Terminal] WRITE: Enter runner remove token: 
[2025-10-24 09:15:27Z INFO Terminal] READ SECRET
[2025-10-24 09:15:35Z INFO Terminal] Read value: '***'
[2025-10-24 09:15:36Z INFO ConfigurationManager] Http response code: OK from 'POST https://api.github.com/actions/runner-registration' (E295:17DBCA:1EEB5C:1D5292:68FB43BD)
[2025-10-24 09:15:36Z INFO ConfigurationManager] cred retrieved via GitHub auth
[2025-10-24 09:15:36Z INFO RunnerServer] EstablishVssConnection
[2025-10-24 09:15:36Z INFO RunnerServer] Establish connection with 100 seconds timeout.
[2025-10-24 09:15:36Z INFO GitHubActionsService] Starting operation Location.GetConnectionData
[2025-10-24 09:15:36Z INFO RunnerServer] EstablishVssConnection
[2025-10-24 09:15:36Z INFO RunnerServer] Establish connection with 60 seconds timeout.
[2025-10-24 09:15:36Z INFO GitHubActionsService] Starting operation Location.GetConnectionData
[2025-10-24 09:15:36Z INFO RunnerServer] EstablishVssConnection
[2025-10-24 09:15:36Z INFO RunnerServer] Establish connection with 60 seconds timeout.
[2025-10-24 09:15:36Z INFO GitHubActionsService] Starting operation Location.GetConnectionData
[2025-10-24 09:15:36Z INFO GitHubActionsService] Finished operation Location.GetConnectionData
[2025-10-24 09:15:36Z INFO GitHubActionsService] Finished operation Location.GetConnectionData
[2025-10-24 09:15:36Z INFO GitHubActionsService] Finished operation Location.GetConnectionData
[2025-10-24 09:15:37Z INFO Terminal] WRITE LINE: 
[2025-10-24 09:15:37Z INFO ConfigurationStore] IsConfigured()
[2025-10-24 09:15:37Z INFO ConfigurationStore] IsConfigured: True
[2025-10-24 09:15:37Z INFO ConfigurationStore] HasCredentials()
[2025-10-24 09:15:37Z INFO ConfigurationStore] stored True
[2025-10-24 09:15:37Z INFO HostContext] Well known directory 'Bin': 'C:\Users\Raika\Desktop\vuln-server\actions-runner\bin'
[2025-10-24 09:15:37Z INFO HostContext] Well known directory 'Root': 'C:\Users\Raika\Desktop\vuln-server\actions-runner'
[2025-10-24 09:15:37Z INFO HostContext] Well known config file 'RSACredentials': 'C:\Users\Raika\Desktop\vuln-server\actions-runner\.credentials_rsaparams'
[2025-10-24 09:15:37Z INFO RSAEncryptedFileKeyManager] Deleting RSA key parameters file C:\Users\Raika\Desktop\vuln-server\actions-runner\.credentials_rsaparams
[2025-10-24 09:15:37Z INFO Terminal] WRITE LINE: 
[2025-10-24 09:15:37Z INFO Listener] Runner execution has finished with return code 0
