[2025-10-24 09:16:01Z INFO HostContext] No proxy settings were found based on environmental variables (http_proxy/https_proxy/HTTP_PROXY/HTTPS_PROXY)
[2025-10-24 09:16:01Z INFO HostContext] Well known directory 'Bin': 'C:\Users\Raika\Desktop\vuln-server\actions-runner\bin'
[2025-10-24 09:16:01Z INFO HostContext] Well known directory 'Root': 'C:\Users\Raika\Desktop\vuln-server\actions-runner'
[2025-10-24 09:16:01Z INFO HostContext] Well known config file 'Credentials': 'C:\Users\Raika\Desktop\vuln-server\actions-runner\.credentials'
[2025-10-24 09:16:01Z INFO HostContext] Well known directory 'Bin': 'C:\Users\Raika\Desktop\vuln-server\actions-runner\bin'
[2025-10-24 09:16:01Z INFO HostContext] Well known directory 'Root': 'C:\Users\Raika\Desktop\vuln-server\actions-runner'
[2025-10-24 09:16:01Z INFO HostContext] Well known config file 'Runner': 'C:\Users\Raika\Desktop\vuln-server\actions-runner\.runner'
[2025-10-24 09:16:01Z INFO Listener] Runner is built for Windows (X64) - win-x64.
[2025-10-24 09:16:01Z INFO Listener] RuntimeInformation: Microsoft Windows 10.0.22631.
[2025-10-24 09:16:01Z INFO Listener] Version: 2.329.0
[2025-10-24 09:16:01Z INFO Listener] Commit: c76c59996c8fa32e989164a5a695efb12608ae5a
[2025-10-24 09:16:01Z INFO Listener] Culture: en-US
[2025-10-24 09:16:01Z INFO Listener] UI Culture: fr-FR
[2025-10-24 09:16:01Z INFO HostContext] Well known directory 'Bin': 'C:\Users\Raika\Desktop\vuln-server\actions-runner\bin'
[2025-10-24 09:16:01Z INFO HostContext] Well known directory 'Root': 'C:\Users\Raika\Desktop\vuln-server\actions-runner'
[2025-10-24 09:16:01Z INFO Listener] Validating directory permissions for: 'C:\Users\Raika\Desktop\vuln-server\actions-runner'
[2025-10-24 09:16:01Z INFO CommandLineParser] Parse
[2025-10-24 09:16:01Z INFO CommandLineParser] Parsing 5 args
[2025-10-24 09:16:01Z INFO CommandLineParser] parsing argument
[2025-10-24 09:16:01Z INFO CommandLineParser] HasArgs: False
[2025-10-24 09:16:01Z INFO CommandLineParser] Adding Command: configure
[2025-10-24 09:16:01Z INFO CommandLineParser] parsing argument
[2025-10-24 09:16:01Z INFO CommandLineParser] HasArgs: True
[2025-10-24 09:16:01Z INFO CommandLineParser] arg: url
[2025-10-24 09:16:01Z INFO CommandLineParser] parsing argument
[2025-10-24 09:16:01Z INFO CommandLineParser] HasArgs: True
[2025-10-24 09:16:01Z INFO CommandLineParser] Adding option 'url': 'https://github.com/Xanatrox-Corp/vuln-server'
[2025-10-24 09:16:01Z INFO CommandLineParser] parsing argument
[2025-10-24 09:16:01Z INFO CommandLineParser] HasArgs: True
[2025-10-24 09:16:01Z INFO CommandLineParser] arg: token
[2025-10-24 09:16:01Z INFO CommandLineParser] parsing argument
[2025-10-24 09:16:01Z INFO CommandLineParser] HasArgs: True
[2025-10-24 09:16:01Z INFO CommandLineParser] Adding option 'token': '***'
[2025-10-24 09:16:01Z INFO Listener] Arguments parsed
[2025-10-24 09:16:01Z INFO Runner] ExecuteCommand
[2025-10-24 09:16:01Z INFO ConfigurationStore] currentAssemblyLocation: C:\Users\Raika\Desktop\vuln-server\actions-runner\bin\Runner.Listener.dll
[2025-10-24 09:16:01Z INFO HostContext] Well known directory 'Bin': 'C:\Users\Raika\Desktop\vuln-server\actions-runner\bin'
[2025-10-24 09:16:01Z INFO ConfigurationStore] binPath: C:\Users\Raika\Desktop\vuln-server\actions-runner\bin
[2025-10-24 09:16:01Z INFO HostContext] Well known directory 'Bin': 'C:\Users\Raika\Desktop\vuln-server\actions-runner\bin'
[2025-10-24 09:16:01Z INFO HostContext] Well known directory 'Root': 'C:\Users\Raika\Desktop\vuln-server\actions-runner'
[2025-10-24 09:16:01Z INFO ConfigurationStore] RootFolder: C:\Users\Raika\Desktop\vuln-server\actions-runner
[2025-10-24 09:16:01Z INFO HostContext] Well known directory 'Bin': 'C:\Users\Raika\Desktop\vuln-server\actions-runner\bin'
[2025-10-24 09:16:01Z INFO HostContext] Well known directory 'Root': 'C:\Users\Raika\Desktop\vuln-server\actions-runner'
[2025-10-24 09:16:01Z INFO HostContext] Well known config file 'Runner': 'C:\Users\Raika\Desktop\vuln-server\actions-runner\.runner'
[2025-10-24 09:16:01Z INFO ConfigurationStore] ConfigFilePath: C:\Users\Raika\Desktop\vuln-server\actions-runner\.runner
[2025-10-24 09:16:01Z INFO HostContext] Well known directory 'Bin': 'C:\Users\Raika\Desktop\vuln-server\actions-runner\bin'
[2025-10-24 09:16:01Z INFO HostContext] Well known directory 'Root': 'C:\Users\Raika\Desktop\vuln-server\actions-runner'
[2025-10-24 09:16:01Z INFO HostContext] Well known config file 'MigratedRunner': 'C:\Users\Raika\Desktop\vuln-server\actions-runner\.runner_migrated'
[2025-10-24 09:16:01Z INFO ConfigurationStore] MigratedConfigFilePath: C:\Users\Raika\Desktop\vuln-server\actions-runner\.runner_migrated
[2025-10-24 09:16:01Z INFO HostContext] Well known directory 'Bin': 'C:\Users\Raika\Desktop\vuln-server\actions-runner\bin'
[2025-10-24 09:16:01Z INFO HostContext] Well known directory 'Root': 'C:\Users\Raika\Desktop\vuln-server\actions-runner'
[2025-10-24 09:16:01Z INFO HostContext] Well known config file 'Credentials': 'C:\Users\Raika\Desktop\vuln-server\actions-runner\.credentials'
[2025-10-24 09:16:01Z INFO ConfigurationStore] CredFilePath: C:\Users\Raika\Desktop\vuln-server\actions-runner\.credentials
[2025-10-24 09:16:01Z INFO HostContext] Well known directory 'Bin': 'C:\Users\Raika\Desktop\vuln-server\actions-runner\bin'
[2025-10-24 09:16:01Z INFO HostContext] Well known directory 'Root': 'C:\Users\Raika\Desktop\vuln-server\actions-runner'
[2025-10-24 09:16:01Z INFO HostContext] Well known config file 'MigratedCredentials': 'C:\Users\Raika\Desktop\vuln-server\actions-runner\.credentials_migrated'
[2025-10-24 09:16:01Z INFO ConfigurationStore] MigratedCredFilePath: C:\Users\Raika\Desktop\vuln-server\actions-runner\.credentials_migrated
[2025-10-24 09:16:01Z INFO HostContext] Well known directory 'Bin': 'C:\Users\Raika\Desktop\vuln-server\actions-runner\bin'
[2025-10-24 09:16:01Z INFO HostContext] Well known directory 'Root': 'C:\Users\Raika\Desktop\vuln-server\actions-runner'
[2025-10-24 09:16:01Z INFO HostContext] Well known config file 'Service': 'C:\Users\Raika\Desktop\vuln-server\actions-runner\.service'
[2025-10-24 09:16:01Z INFO ConfigurationStore] ServiceConfigFilePath: C:\Users\Raika\Desktop\vuln-server\actions-runner\.service
[2025-10-24 09:16:01Z INFO CommandSettings] Flag 'help': 'False'
[2025-10-24 09:16:01Z INFO CommandSettings] Flag 'version': 'False'
[2025-10-24 09:16:01Z INFO CommandSettings] Flag 'commit': 'False'
[2025-10-24 09:16:01Z INFO CommandSettings] Flag 'check': 'False'
[2025-10-24 09:16:01Z INFO CommandSettings] Command 'configure': 'True'
[2025-10-24 09:16:01Z INFO Terminal] WRITE LINE: 
[2025-10-24 09:16:01Z INFO Terminal] WRITE LINE: --------------------------------------------------------------------------------
[2025-10-24 09:16:01Z INFO Terminal] WRITE LINE: |        ____ _ _   _   _       _          _        _   _                      |
[2025-10-24 09:16:01Z INFO Terminal] WRITE LINE: |       / ___(_) |_| | | |_   _| |__      / \   ___| |_(_) ___  _ __  ___      |
[2025-10-24 09:16:01Z INFO Terminal] WRITE LINE: |      | |  _| | __| |_| | | | | '_ \    / _ \ / __| __| |/ _ \| '_ \/ __|     |
[2025-10-24 09:16:01Z INFO Terminal] WRITE LINE: |      | |_| | | |_|  _  | |_| | |_) |  / ___ \ (__| |_| | (_) | | | \__ \     |
[2025-10-24 09:16:01Z INFO Terminal] WRITE LINE: |       \____|_|\__|_| |_|\__,_|_.__/  /_/   \_\___|\__|_|\___/|_| |_|___/     |
[2025-10-24 09:16:01Z INFO Terminal] WRITE LINE: |                                                                              |
[2025-10-24 09:16:01Z INFO Terminal] WRITE: |                       
[2025-10-24 09:16:01Z INFO Terminal] WRITE: Self-hosted runner registration
[2025-10-24 09:16:01Z INFO Terminal] WRITE LINE:                         |
[2025-10-24 09:16:01Z INFO Terminal] WRITE LINE: |                                                                              |
[2025-10-24 09:16:01Z INFO Terminal] WRITE LINE: --------------------------------------------------------------------------------
[2025-10-24 09:16:01Z INFO ConfigurationManager] ConfigureAsync
[2025-10-24 09:16:01Z INFO CommandSettings] Flag 'generateServiceConfig': 'False'
[2025-10-24 09:16:01Z INFO ConfigurationStore] IsConfigured()
[2025-10-24 09:16:01Z INFO ConfigurationStore] IsConfigured: False
[2025-10-24 09:16:01Z INFO ConfigurationManager] Is configured: False
[2025-10-24 09:16:01Z INFO CommandSettings] Arg 'url': 'https://github.com/Xanatrox-Corp/vuln-server'
[2025-10-24 09:16:01Z INFO CommandSettings] Remove url from Arg dictionary.
[2025-10-24 09:16:01Z INFO CommandSettings] Arg 'token': '***'
[2025-10-24 09:16:01Z INFO CommandSettings] Remove token from Arg dictionary.
[2025-10-24 09:16:01Z INFO ConfigurationManager] Http response code: OK from 'POST https://api.github.com/actions/runner-registration' (E2A1:357FA2:1178FD:109D67:68FB43D7)
[2025-10-24 09:16:01Z INFO ConfigurationManager] Using runner-admin flow: False
[2025-10-24 09:16:01Z INFO ConfigurationManager] cred retrieved via GitHub auth
[2025-10-24 09:16:01Z INFO RunnerServer] EstablishVssConnection
[2025-10-24 09:16:01Z INFO RunnerServer] Establish connection with 100 seconds timeout.
[2025-10-24 09:16:01Z INFO GitHubActionsService] Starting operation Location.GetConnectionData
[2025-10-24 09:16:01Z INFO RunnerServer] EstablishVssConnection
[2025-10-24 09:16:01Z INFO RunnerServer] Establish connection with 60 seconds timeout.
[2025-10-24 09:16:01Z INFO GitHubActionsService] Starting operation Location.GetConnectionData
[2025-10-24 09:16:01Z INFO RunnerServer] EstablishVssConnection
[2025-10-24 09:16:01Z INFO RunnerServer] Establish connection with 60 seconds timeout.
[2025-10-24 09:16:01Z INFO GitHubActionsService] Starting operation Location.GetConnectionData
[2025-10-24 09:16:02Z INFO GitHubActionsService] Finished operation Location.GetConnectionData
[2025-10-24 09:16:02Z INFO GitHubActionsService] Finished operation Location.GetConnectionData
[2025-10-24 09:16:02Z INFO GitHubActionsService] Finished operation Location.GetConnectionData
[2025-10-24 09:16:02Z INFO Terminal] WRITE LINE: 
[2025-10-24 09:16:02Z INFO ConfigurationManager] Test Connection complete.
[2025-10-24 09:16:02Z INFO HostContext] Well known directory 'Bin': 'C:\Users\Raika\Desktop\vuln-server\actions-runner\bin'
[2025-10-24 09:16:02Z INFO HostContext] Well known directory 'Root': 'C:\Users\Raika\Desktop\vuln-server\actions-runner'
[2025-10-24 09:16:02Z INFO HostContext] Well known config file 'RSACredentials': 'C:\Users\Raika\Desktop\vuln-server\actions-runner\.credentials_rsaparams'
[2025-10-24 09:16:02Z INFO RSAEncryptedFileKeyManager] Creating new RSA key using 2048-bit key length
[2025-10-24 09:16:02Z INFO RSAEncryptedFileKeyManager] Successfully saved RSA key parameters to file C:\Users\Raika\Desktop\vuln-server\actions-runner\.credentials_rsaparams
[2025-10-24 09:16:02Z INFO CommandSettings] Arg 'runnergroup': ''
[2025-10-24 09:16:02Z INFO CommandSettings] Flag 'unattended': 'False'
[2025-10-24 09:16:02Z INFO PromptManager] ReadValue
[2025-10-24 09:16:02Z INFO Terminal] WRITE: Enter the name of the runner group to add this runner to: 
[2025-10-24 09:16:02Z INFO Terminal] WRITE: [press Enter for Default] 
[2025-10-24 09:16:02Z INFO Terminal] READ LINE
[2025-10-24 09:16:03Z INFO Terminal] Read value: ''
[2025-10-24 09:16:03Z INFO PromptManager] Falling back to the default: 'Default'
[2025-10-24 09:16:03Z INFO Terminal] WRITE LINE: 
[2025-10-24 09:16:03Z INFO ConfigurationManager] Found a self-hosted runner group with id 1 and name Default
[2025-10-24 09:16:03Z INFO CommandSettings] Flag 'disableupdate': 'False'
[2025-10-24 09:16:03Z INFO CommandSettings] Flag 'ephemeral': 'False'
[2025-10-24 09:16:03Z INFO CommandSettings] Arg 'name': ''
[2025-10-24 09:16:03Z INFO CommandSettings] Flag 'unattended': 'False'
[2025-10-24 09:16:03Z INFO PromptManager] ReadValue
[2025-10-24 09:16:03Z INFO Terminal] WRITE: Enter the name of runner: 
[2025-10-24 09:16:03Z INFO Terminal] WRITE: [press Enter for LAPTOP-ALDRIC] 
[2025-10-24 09:16:03Z INFO Terminal] READ LINE
[2025-10-24 09:16:03Z INFO Terminal] Read value: ''
[2025-10-24 09:16:03Z INFO PromptManager] Falling back to the default: 'LAPTOP-ALDRIC'
[2025-10-24 09:16:03Z INFO Terminal] WRITE LINE: 
[2025-10-24 09:16:03Z INFO CommandSettings] Arg 'labels': ''
[2025-10-24 09:16:03Z INFO CommandSettings] Flag 'unattended': 'False'
[2025-10-24 09:16:03Z INFO PromptManager] ReadValue
[2025-10-24 09:16:03Z INFO Terminal] WRITE: This runner will have the following labels: 'self-hosted', 'Windows', 'X64' 
Enter any additional labels (ex. label-1,label-2): 
[2025-10-24 09:16:03Z INFO Terminal] WRITE: [press Enter to skip] 
[2025-10-24 09:16:03Z INFO Terminal] READ LINE
[2025-10-24 09:16:04Z INFO Terminal] Read value: ''
[2025-10-24 09:16:04Z INFO Terminal] WRITE LINE: 
[2025-10-24 09:16:04Z INFO CommandSettings] Flag 'disableupdate': 'False'
[2025-10-24 09:16:04Z INFO CommandSettings] Flag 'no-default-labels': 'False'
[2025-10-24 09:16:04Z INFO CommandSettings] Flag 'disableupdate': 'False'
[2025-10-24 09:16:04Z INFO CommandSettings] Flag 'ephemeral': 'False'
[2025-10-24 09:16:04Z INFO ConfigurationStore] Saving OAuth credential @ C:\Users\Raika\Desktop\vuln-server\actions-runner\.credentials
[2025-10-24 09:16:04Z INFO ConfigurationStore] Credentials Saved.
[2025-10-24 09:16:04Z INFO ConfigurationManager] Service enforced serverUrlV2: https://broker.actions.githubusercontent.com/
[2025-10-24 09:16:04Z INFO ConfigurationManager] Service enforced useV2Flow: True
[2025-10-24 09:16:04Z INFO CommandSettings] Arg 'work': ''
[2025-10-24 09:16:04Z INFO CommandSettings] Flag 'unattended': 'False'
[2025-10-24 09:16:04Z INFO PromptManager] ReadValue
[2025-10-24 09:16:04Z INFO Terminal] WRITE: Enter name of work folder: 
[2025-10-24 09:16:04Z INFO Terminal] WRITE: [press Enter for _work] 
[2025-10-24 09:16:04Z INFO Terminal] READ LINE
[2025-10-24 09:16:06Z INFO Terminal] Read value: ''
[2025-10-24 09:16:06Z INFO PromptManager] Falling back to the default: '_work'
[2025-10-24 09:16:06Z INFO ConfigurationStore] Saving runner settings.
[2025-10-24 09:16:06Z INFO ConfigurationStore] Settings Saved.
[2025-10-24 09:16:06Z INFO Terminal] WRITE LINE: 
[2025-10-24 09:16:06Z INFO Terminal] WRITE LINE: 
[2025-10-24 09:16:06Z INFO CommandSettings] Flag 'runasservice': 'False'
[2025-10-24 09:16:06Z INFO CommandSettings] Flag 'unattended': 'False'
[2025-10-24 09:16:06Z INFO PromptManager] ReadValue
[2025-10-24 09:16:06Z INFO Terminal] WRITE: Would you like to run the runner as service? (Y/N) 
[2025-10-24 09:16:06Z INFO Terminal] WRITE: [press Enter for N] 
[2025-10-24 09:16:06Z INFO Terminal] READ LINE
[2025-10-24 09:16:07Z INFO Terminal] Read value: 'y'
[2025-10-24 09:16:07Z INFO ConfigurationManager] Configuring to run the agent as service
[2025-10-24 09:16:07Z INFO CommandSettings] Arg 'windowslogonaccount': ''
[2025-10-24 09:16:07Z INFO CommandSettings] Flag 'unattended': 'False'
[2025-10-24 09:16:07Z INFO PromptManager] ReadValue
[2025-10-24 09:16:07Z INFO Terminal] WRITE: User account to use for the service 
[2025-10-24 09:16:07Z INFO Terminal] WRITE: [press Enter for AUTORITE NT\SERVICE RÉSEAU] 
[2025-10-24 09:16:07Z INFO Terminal] READ LINE
[2025-10-24 09:16:10Z INFO Terminal] Read value: ''
[2025-10-24 09:16:10Z INFO PromptManager] Falling back to the default: 'AUTORITE NT\SERVICE RÉSEAU'
[2025-10-24 09:16:10Z INFO WindowsServiceControlManager] LogonAccount after transforming: AUTORITE NT\SERVICE RÉSEAU, user: SERVICE RÉSEAU, domain: AUTORITE NT
[2025-10-24 09:16:10Z INFO WindowsServiceControlManager] Service name 'actions.runner.Xanatrox-Corp-vuln-server.LAPTOP-ALDRIC' display name 'GitHub Actions Runner (Xanatrox-Corp-vuln-server.LAPTOP-ALDRIC)' will be used for service configuration.
[2025-10-24 09:16:10Z INFO WindowsServiceControlManager] Verifying if the account has LogonAsService permission
[2025-10-24 09:16:10Z INFO NativeWindowsServiceHelper] Successfully grant logon as service privilege to account 'SERVICE RÉSEAU'
[2025-10-24 09:16:10Z INFO WindowsServiceControlManager] Create local group and grant folder permission to service logon account.
[2025-10-24 09:16:10Z INFO HostContext] Well known directory 'Bin': 'C:\Users\Raika\Desktop\vuln-server\actions-runner\bin'
[2025-10-24 09:16:10Z INFO HostContext] Well known directory 'Root': 'C:\Users\Raika\Desktop\vuln-server\actions-runner'
[2025-10-24 09:16:10Z INFO ConfigurationStore] Read setting file: 402 chars
[2025-10-24 09:16:10Z INFO HostContext] Well known directory 'Bin': 'C:\Users\Raika\Desktop\vuln-server\actions-runner\bin'
[2025-10-24 09:16:10Z INFO HostContext] Well known directory 'Root': 'C:\Users\Raika\Desktop\vuln-server\actions-runner'
[2025-10-24 09:16:10Z INFO HostContext] Well known directory 'Work': 'C:\Users\Raika\Desktop\vuln-server\actions-runner\_work'
[2025-10-24 09:16:10Z INFO HostContext] Well known directory 'Bin': 'C:\Users\Raika\Desktop\vuln-server\actions-runner\bin'
[2025-10-24 09:16:10Z INFO NativeWindowsServiceHelper] Calculated unique group name GITHUB_ActionsRunner_G2effa
[2025-10-24 09:16:10Z INFO NativeWindowsServiceHelper] Trying to create group GITHUB_ActionsRunner_G2effa
[2025-10-24 09:16:10Z INFO NativeWindowsServiceHelper] Local Group 'GITHUB_ActionsRunner_G2effa' created
[2025-10-24 09:16:10Z INFO NativeWindowsServiceHelper] Trying to add userName AUTORITE NT\SERVICE RÉSEAU to the group GITHUB_ActionsRunner_G2effa
[2025-10-24 09:16:10Z INFO NativeWindowsServiceHelper] Account 'AUTORITE NT\SERVICE RÉSEAU' is added to local group 'GITHUB_ActionsRunner_G2effa'.
[2025-10-24 09:16:10Z INFO NativeWindowsServiceHelper] Set full access control to group for the folder C:\Users\Raika\Desktop\vuln-server\actions-runner
[2025-10-24 09:16:10Z INFO NativeWindowsServiceHelper] Set full access control to group for the folder C:\Users\Raika\Desktop\vuln-server\actions-runner\_work
[2025-10-24 09:16:10Z INFO NativeWindowsServiceHelper] Local group 'GITHUB_ActionsRunner_G2effa' already has full control to path 'C:\Users\Raika\Desktop\vuln-server\actions-runner\_work'.
[2025-10-24 09:16:10Z INFO Terminal] WRITE LINE: Granting file permissions to 'AUTORITE NT\SERVICE RÉSEAU'.
[2025-10-24 09:16:10Z INFO HostContext] Well known directory 'Bin': 'C:\Users\Raika\Desktop\vuln-server\actions-runner\bin'
[2025-10-24 09:16:10Z INFO ProcessInvokerWrapper] Starting process:
[2025-10-24 09:16:10Z INFO ProcessInvokerWrapper]   File name: '"C:\Users\Raika\Desktop\vuln-server\actions-runner\bin\RunnerService.exe"'
[2025-10-24 09:16:10Z INFO ProcessInvokerWrapper]   Arguments: 'init'
[2025-10-24 09:16:10Z INFO ProcessInvokerWrapper]   Working directory: ''
[2025-10-24 09:16:10Z INFO ProcessInvokerWrapper]   Require exit code zero: 'True'
[2025-10-24 09:16:10Z INFO ProcessInvokerWrapper]   Encoding web name:  ; code page: ''
[2025-10-24 09:16:10Z INFO ProcessInvokerWrapper]   Force kill process on cancellation: 'False'
[2025-10-24 09:16:10Z INFO ProcessInvokerWrapper]   Redirected STDIN: 'False'
[2025-10-24 09:16:10Z INFO ProcessInvokerWrapper]   Persist current code page: 'False'
[2025-10-24 09:16:10Z INFO ProcessInvokerWrapper]   Keep redirected STDIN open: 'False'
[2025-10-24 09:16:10Z INFO ProcessInvokerWrapper]   High priority process: 'False'
[2025-10-24 09:16:10Z INFO ProcessInvokerWrapper] Process started with process id 24620, waiting for process exit.
[2025-10-24 09:16:10Z INFO ProcessInvokerWrapper] STDOUT/STDERR stream read finished.
[2025-10-24 09:16:10Z INFO ProcessInvokerWrapper] STDOUT/STDERR stream read finished.
[2025-10-24 09:16:10Z INFO ProcessInvokerWrapper] Finished process 24620 with exit code 0, and elapsed time 00:00:00.1959156.
[2025-10-24 09:16:10Z INFO Terminal] WRITE LINE: Service actions.runner.Xanatrox-Corp-vuln-server.LAPTOP-ALDRIC successfully installed
[2025-10-24 09:16:10Z INFO Terminal] WRITE LINE: Service actions.runner.Xanatrox-Corp-vuln-server.LAPTOP-ALDRIC successfully set recovery option
[2025-10-24 09:16:10Z INFO Terminal] WRITE LINE: Service actions.runner.Xanatrox-Corp-vuln-server.LAPTOP-ALDRIC successfully set to delayed auto start
[2025-10-24 09:16:10Z INFO Terminal] WRITE LINE: Service actions.runner.Xanatrox-Corp-vuln-server.LAPTOP-ALDRIC successfully configured
[2025-10-24 09:16:10Z INFO HostContext] Well known directory 'Bin': 'C:\Users\Raika\Desktop\vuln-server\actions-runner\bin'
[2025-10-24 09:16:10Z INFO HostContext] Well known directory 'Root': 'C:\Users\Raika\Desktop\vuln-server\actions-runner'
[2025-10-24 09:16:10Z INFO HostContext] Well known config file 'Service': 'C:\Users\Raika\Desktop\vuln-server\actions-runner\.service'
[2025-10-24 09:16:10Z INFO WindowsServiceControlManager] Configuration was successful, trying to start the service
[2025-10-24 09:16:10Z ERR  NativeWindowsServiceHelper] System.InvalidOperationException: Cannot start service 'actions.runner.Xanatrox-Corp-vuln-server.LAPTOP-ALDRIC' on computer '.'.
 ---> System.ComponentModel.Win32Exception (1068): Le service ou le groupe de dépendance n’a pas pu démarrer.
   --- End of inner exception stack trace ---
   at System.ServiceProcess.ServiceController.Start(String[] args)
   at System.ServiceProcess.ServiceController.Start()
   at GitHub.Runner.Listener.Configuration.NativeWindowsServiceHelper.StartService(String serviceName)
[2025-10-24 09:16:10Z ERR  NativeWindowsServiceHelper] #####################################################
[2025-10-24 09:16:10Z ERR  NativeWindowsServiceHelper] System.ComponentModel.Win32Exception (1068): Le service ou le groupe de dépendance n’a pas pu démarrer.
[2025-10-24 09:16:10Z ERR  Terminal] WRITE ERROR: Cannot start the service. Check the logs for more details.
[2025-10-24 09:16:10Z ERR  Runner] System.InvalidOperationException: Cannot start service 'actions.runner.Xanatrox-Corp-vuln-server.LAPTOP-ALDRIC' on computer '.'.
 ---> System.ComponentModel.Win32Exception (1068): Le service ou le groupe de dépendance n’a pas pu démarrer.
   --- End of inner exception stack trace ---
   at System.ServiceProcess.ServiceController.Start(String[] args)
   at System.ServiceProcess.ServiceController.Start()
   at GitHub.Runner.Listener.Configuration.NativeWindowsServiceHelper.StartService(String serviceName)
   at GitHub.Runner.Listener.Configuration.WindowsServiceControlManager.ConfigureService(RunnerSettings settings, CommandSettings command)
   at GitHub.Runner.Listener.Configuration.ConfigurationManager.ConfigureAsync(CommandSettings command)
   at GitHub.Runner.Listener.Runner.ExecuteCommand(CommandSettings command)
[2025-10-24 09:16:10Z ERR  Runner] #####################################################
[2025-10-24 09:16:10Z ERR  Runner] System.ComponentModel.Win32Exception (1068): Le service ou le groupe de dépendance n’a pas pu démarrer.
[2025-10-24 09:16:10Z ERR  Terminal] WRITE ERROR: Cannot start service 'actions.runner.Xanatrox-Corp-vuln-server.LAPTOP-ALDRIC' on computer '.'.
[2025-10-24 09:16:10Z INFO Listener] Runner execution has finished with return code 1
