[2025-10-24 10:18:36Z INFO HostContext] No proxy settings were found based on environmental variables (http_proxy/https_proxy/HTTP_PROXY/HTTPS_PROXY)
[2025-10-24 10:18:36Z INFO HostContext] Well known directory 'Bin': 'C:\Users\Raika\Desktop\vuln-server\actions-runner\bin'
[2025-10-24 10:18:36Z INFO HostContext] Well known directory 'Root': 'C:\Users\Raika\Desktop\vuln-server\actions-runner'
[2025-10-24 10:18:36Z INFO HostContext] Well known config file 'Credentials': 'C:\Users\Raika\Desktop\vuln-server\actions-runner\.credentials'
[2025-10-24 10:18:36Z INFO HostContext] Well known directory 'Bin': 'C:\Users\Raika\Desktop\vuln-server\actions-runner\bin'
[2025-10-24 10:18:36Z INFO HostContext] Well known directory 'Root': 'C:\Users\Raika\Desktop\vuln-server\actions-runner'
[2025-10-24 10:18:36Z INFO HostContext] Well known config file 'Runner': 'C:\Users\Raika\Desktop\vuln-server\actions-runner\.runner'
[2025-10-24 10:18:36Z INFO Worker] Version: 2.329.0
[2025-10-24 10:18:36Z INFO Worker] Commit: c76c59996c8fa32e989164a5a695efb12608ae5a
[2025-10-24 10:18:36Z INFO Worker] Culture: en-US
[2025-10-24 10:18:36Z INFO Worker] UI Culture: fr-FR
[2025-10-24 10:18:36Z INFO Worker] Waiting to receive the job message from the channel.
[2025-10-24 10:18:36Z INFO ProcessChannel] Receiving message of length 20132, with hash '89fcb7f4800148ac6c01764e58387a623a3b751f1ef7d55137f317f2a907d393'
[2025-10-24 10:18:36Z INFO Worker] Message received.
[2025-10-24 10:18:37Z INFO Worker] Job message:
 {
  "fileTable": [
    ".github/workflows/self-hosted.yml"
  ],
  "mask": [
    {
      "type": "regex",
      "value": "***"
    },
    {
      "type": "regex",
      "value": "***"
    },
    {
      "type": "regex",
      "value": "***"
    },
    {
      "type": "regex",
      "value": "***"
    },
    {
      "type": "regex",
      "value": "***"
    },
    {
      "type": "regex",
      "value": "***"
    },
    {
      "type": "regex",
      "value": "***"
    },
    {
      "type": "regex",
      "value": "***"
    },
    {
      "type": "regex",
      "value": "***"
    },
    {
      "type": "regex",
      "value": "***"
    },
    {
      "type": "regex",
      "value": "***"
    },
    {
      "type": "regex",
      "value": "***"
    },
    {
      "type": "regex",
      "value": "***"
    },
    {
      "type": "regex",
      "value": "***"
    },
    {
      "type": "regex",
      "value": "***"
    },
    {
      "type": "regex",
      "value": "***"
    },
    {
      "type": "regex",
      "value": "***"
    },
    {
      "type": "regex",
      "value": "***"
    }
  ],
  "steps": [
    {
      "type": "action",
      "reference": {
        "type": "script"
      },
      "displayNameToken": {
        "type": 0,
        "file": 1,
        "line": 13,
        "col": 15,
        "lit": "Vérification du runner"
      },
      "contextName": "__run",
      "inputs": {
        "type": 2,
        "map": [
          {
            "key": "script",
            "value": {
              "type": 0,
              "file": 1,
              "line": 14,
              "col": 14,
              "lit": "echo \"Runner actif sur $(hostname)\""
            }
          }
        ]
      },
      "condition": "success()",
      "id": "8c186c92-bab9-435d-a636-79561bcec36b",
      "name": "__run"
    },
    {
      "type": "action",
      "reference": {
        "type": "script"
      },
      "displayNameToken": {
        "type": 0,
        "file": 1,
        "line": 16,
        "col": 15,
        "lit": "Hello World"
      },
      "contextName": "__run_2",
      "inputs": {
        "type": 2,
        "map": [
          {
            "key": "script",
            "value": {
              "type": 0,
              "file": 1,
              "line": 17,
              "col": 14,
              "lit": "echo \"Hello World depuis le runner self-hosted ✅\""
            }
          }
        ]
      },
      "condition": "success()",
      "id": "c5972c60-ed34-4440-b17e-592c62546d94",
      "name": "__run_2"
    }
  ],
  "variables": {
    "Actions.EnableHttpRedirects": {
      "value": "true"
    },
    "DistributedTask.AddWarningToNode12Action": {
      "value": "true"
    },
    "DistributedTask.AddWarningToNode16Action": {
      "value": "true"
    },
    "DistributedTask.AllowRunnerContainerHooks": {
      "value": "true"
    },
    "DistributedTask.DeprecateStepOutputCommands": {
      "value": "true"
    },
    "DistributedTask.DetailUntarFailure": {
      "value": "true"
    },
    "DistributedTask.EnableCompositeActions": {
      "value": "true"
    },
    "DistributedTask.EnableJobServerQueueTelemetry": {
      "value": "true"
    },
    "DistributedTask.EnhancedAnnotations": {
      "value": "true"
    },
    "DistributedTask.ForceGithubJavascriptActionsToNode16": {
      "value": "true"
    },
    "DistributedTask.ForceGithubJavascriptActionsToNode20": {
      "value": "true"
    },
    "DistributedTask.LogTemplateErrorsAsDebugMessages": {
      "value": "true"
    },
    "DistributedTask.MarkJobAsFailedOnWorkerCrash": {
      "value": "true"
    },
    "DistributedTask.NewActionMetadata": {
      "value": "true"
    },
    "DistributedTask.UploadStepSummary": {
      "value": "true"
    },
    "DistributedTask.UseActionArchiveCache": {
      "value": "true"
    },
    "DistributedTask.UseWhich2": {
      "value": "true"
    },
    "RunService.FixEmbeddedIssues": {
      "value": "true"
    },
    "actions_add_check_run_id_to_job_context": {
      "value": "true"
    },
    "actions_container_action_runner_temp": {
      "value": "false"
    },
    "actions_display_helpful_actions_download_errors": {
      "value": "true"
    },
    "actions_skip_retry_complete_job_upon_known_errors": {
      "value": "true"
    },
    "actions_uses_cache_service_v2": {
      "value": "true"
    },
    "github_token": {
      "value": "***",
      "isSecret": true
    },
    "system.from_run_service": {
      "value": "true"
    },
    "system.github.job": {
      "value": "hello"
    },
    "system.github.launch_endpoint": {
      "value": "https://launch.actions.githubusercontent.com"
    },
    "system.github.results_endpoint": {
      "value": "https://results-receiver.actions.githubusercontent.com/"
    },
    "system.github.results_upload_with_sdk": {
      "value": "true"
    },
    "system.github.token": {
      "value": "***",
      "isSecret": true
    },
    "system.github.token.permissions": {
      "value": "{\"Actions\":\"write\",\"Attestations\":\"write\",\"Checks\":\"write\",\"Contents\":\"write\",\"Deployments\":\"write\",\"Discussions\":\"write\",\"Issues\":\"write\",\"Metadata\":\"read\",\"Models\":\"read\",\"Packages\":\"write\",\"Pages\":\"write\",\"PullRequests\":\"write\",\"RepositoryProjects\":\"write\",\"SecurityEvents\":\"write\",\"Statuses\":\"write\"}"
    },
    "system.orchestrationId": {
      "value": "9db215a4-f7e7-4f97-ba74-21056be82094.hello.__default"
    },
    "system.phaseDisplayName": {
      "value": "hello"
    },
    "system.runner.lowdiskspacethreshold": {
      "value": "100"
    },
    "system.runnerEnvironment": {
      "value": "self-hosted"
    },
    "system.runnerGroupName": {
      "value": "Default"
    }
  },
  "messageType": "RunnerJobRequest",
  "plan": {
    "scopeIdentifier": "00000000-0000-0000-0000-000000000000",
    "planType": "actions",
    "version": 0,
    "planId": "9db215a4-f7e7-4f97-ba74-21056be82094",
    "planGroup": null,
    "artifactUri": null,
    "artifactLocation": null,
    "definition": null,
    "owner": null
  },
  "timeline": {
    "id": "9db215a4-f7e7-4f97-ba74-21056be82094",
    "changeId": 0,
    "location": null
  },
  "jobId": "48106e7f-d8e3-5c30-9a78-a060bd222262",
  "jobDisplayName": "hello",
  "jobName": "__default",
  "requestId": 0,
  "lockedUntil": "0001-01-01T00:00:00",
  "resources": {
    "endpoints": [
      {
        "data": {
          "ServerId": "",
          "ServerName": "",
          "CacheServerUrl": "https://artifactcache.actions.githubusercontent.com/p9qHugS3PyYLdoSYXg6nQIY3ZS6KRl2BnxJTyXHDbu410zaMMB/",
          "FeedStreamUrl": "wss://results-receiver.actions.githubusercontent.com/_ws/ingest.sock",
          "ResultsServiceUrl": "https://results-receiver.actions.githubusercontent.com/",
          "PipelinesServiceUrl": "https://pipelinesghubeus15.actions.githubusercontent.com/p9qHugS3PyYLdoSYXg6nQIY3ZS6KRl2BnxJTyXHDbu410zaMMB/",
          "GenerateIdTokenUrl": ""
        },
        "name": "SystemVssConnection",
        "url": "https://run-actions-2-azure-eastus.actions.githubusercontent.com/112/",
        "authorization": {
          "parameters": {
            "AccessToken": "***"
          },
          "scheme": "OAuth"
        },
        "isShared": false,
        "isReady": true
      }
    ]
  },
  "contextData": {
    "github": {
      "t": 2,
      "d": [
        {
          "k": "ref",
          "v": "refs/heads/master"
        },
        {
          "k": "sha",
          "v": "b325e962a271699f53eb499791eb514cd2323270"
        },
        {
          "k": "repository",
          "v": "Xanatrox-Corp/vuln-server"
        },
        {
          "k": "repository_owner",
          "v": "Xanatrox-Corp"
        },
        {
          "k": "repository_owner_id",
          "v": "239948844"
        },
        {
          "k": "repositoryUrl",
          "v": "git://github.com/Xanatrox-Corp/vuln-server.git"
        },
        {
          "k": "run_id",
          "v": "18776808003"
        },
        {
          "k": "run_number",
          "v": "1"
        },
        {
          "k": "retention_days",
          "v": "90"
        },
        {
          "k": "run_attempt",
          "v": "1"
        },
        {
          "k": "artifact_cache_size_limit",
          "v": "10"
        },
        {
          "k": "repository_visibility",
          "v": "public"
        },
        {
          "k": "actor_id",
          "v": "82451105"
        },
        {
          "k": "actor",
          "v": "xanatrox"
        },
        {
          "k": "workflow",
          "v": "Hello World (Self-Hosted)"
        },
        {
          "k": "head_ref",
          "v": ""
        },
        {
          "k": "base_ref",
          "v": ""
        },
        {
          "k": "event_name",
          "v": "push"
        },
        {
          "k": "server_url",
          "v": "https://github.com"
        },
        {
          "k": "api_url",
          "v": "https://api.github.com"
        },
        {
          "k": "graphql_url",
          "v": "https://api.github.com/graphql"
        },
        {
          "k": "ref_name",
          "v": "master"
        },
        {
          "k": "ref_protected",
          "v": false
        },
        {
          "k": "ref_type",
          "v": "branch"
        },
        {
          "k": "secret_source",
          "v": "Actions"
        },
        {
          "k": "event",
          "v": {
            "t": 2,
            "d": [
              {
                "k": "after",
                "v": "b325e962a271699f53eb499791eb514cd2323270"
              },
              {
                "k": "base_ref",
                "v": null
              },
              {
                "k": "before",
                "v": "2fd1ce66644ce14d70fa781c553c030b2e74d3b5"
              },
              {
                "k": "commits",
                "v": {
                  "t": 1,
                  "a": [
                    {
                      "t": 2,
                      "d": [
                        {
                          "k": "author",
                          "v": {
                            "t": 2,
                            "d": [
                              {
                                "k": "email",
                                "v": "aldric.aouadon@gmail.com"
                              },
                              {
                                "k": "name",
                                "v": "Aldric Aouadon"
                              },
                              {
                                "k": "username",
                                "v": "xanatrox"
                              }
                            ]
                          }
                        },
                        {
                          "k": "committer",
                          "v": {
                            "t": 2,
                            "d": [
                              {
                                "k": "email",
                                "v": "aldric.aouadon@gmail.com"
                              },
                              {
                                "k": "name",
                                "v": "Aldric Aouadon"
                              },
                              {
                                "k": "username",
                                "v": "xanatrox"
                              }
                            ]
                          }
                        },
                        {
                          "k": "distinct",
                          "v": true
                        },
                        {
                          "k": "id",
                          "v": "b325e962a271699f53eb499791eb514cd2323270"
                        },
                        {
                          "k": "message",
                          "v": "wf"
                        },
                        {
                          "k": "timestamp",
                          "v": "2025-10-24T12:18:24+02:00"
                        },
                        {
                          "k": "tree_id",
                          "v": "8591dcfac3ab937cbe3b678217575f8293bbe1a0"
                        },
                        {
                          "k": "url",
                          "v": "https://github.com/Xanatrox-Corp/vuln-server/commit/b325e962a271699f53eb499791eb514cd2323270"
                        }
                      ]
                    }
                  ]
                }
              },
              {
                "k": "compare",
                "v": "https://github.com/Xanatrox-Corp/vuln-server/compare/2fd1ce66644c...b325e962a271"
              },
              {
                "k": "created",
                "v": false
              },
              {
                "k": "deleted",
                "v": false
              },
              {
                "k": "forced",
                "v": false
              },
              {
                "k": "head_commit",
                "v": {
                  "t": 2,
                  "d": [
                    {
                      "k": "author",
                      "v": {
                        "t": 2,
                        "d": [
                          {
                            "k": "email",
                            "v": "aldric.aouadon@gmail.com"
                          },
                          {
                            "k": "name",
                            "v": "Aldric Aouadon"
                          },
                          {
                            "k": "username",
                            "v": "xanatrox"
                          }
                        ]
                      }
                    },
                    {
                      "k": "committer",
                      "v": {
                        "t": 2,
                        "d": [
                          {
                            "k": "email",
                            "v": "aldric.aouadon@gmail.com"
                          },
                          {
                            "k": "name",
                            "v": "Aldric Aouadon"
                          },
                          {
                            "k": "username",
                            "v": "xanatrox"
                          }
                        ]
                      }
                    },
                    {
                      "k": "distinct",
                      "v": true
                    },
                    {
                      "k": "id",
                      "v": "b325e962a271699f53eb499791eb514cd2323270"
                    },
                    {
                      "k": "message",
                      "v": "wf"
                    },
                    {
                      "k": "timestamp",
                      "v": "2025-10-24T12:18:24+02:00"
                    },
                    {
                      "k": "tree_id",
                      "v": "8591dcfac3ab937cbe3b678217575f8293bbe1a0"
                    },
                    {
                      "k": "url",
                      "v": "https://github.com/Xanatrox-Corp/vuln-server/commit/b325e962a271699f53eb499791eb514cd2323270"
                    }
                  ]
                }
              },
              {
                "k": "organization",
                "v": {
                  "t": 2,
                  "d": [
                    {
                      "k": "avatar_url",
                      "v": "https://avatars.githubusercontent.com/u/239948844?v=4"
                    },
                    {
                      "k": "description",
                      "v": null
                    },
                    {
                      "k": "events_url",
                      "v": "https://api.github.com/orgs/Xanatrox-Corp/events"
                    },
                    {
                      "k": "hooks_url",
                      "v": "https://api.github.com/orgs/Xanatrox-Corp/hooks"
                    },
                    {
                      "k": "id",
                      "v": 239948844.0
                    },
                    {
                      "k": "issues_url",
                      "v": "https://api.github.com/orgs/Xanatrox-Corp/issues"
                    },
                    {
                      "k": "login",
                      "v": "Xanatrox-Corp"
                    },
                    {
                      "k": "members_url",
                      "v": "https://api.github.com/orgs/Xanatrox-Corp/members{/member}"
                    },
                    {
                      "k": "node_id",
                      "v": "O_kgDODk1ULA"
                    },
                    {
                      "k": "public_members_url",
                      "v": "https://api.github.com/orgs/Xanatrox-Corp/public_members{/member}"
                    },
                    {
                      "k": "repos_url",
                      "v": "https://api.github.com/orgs/Xanatrox-Corp/repos"
                    },
                    {
                      "k": "url",
                      "v": "https://api.github.com/orgs/Xanatrox-Corp"
                    }
                  ]
                }
              },
              {
                "k": "pusher",
                "v": {
                  "t": 2,
                  "d": [
                    {
                      "k": "email",
                      "v": "82451105+xanatrox@users.noreply.github.com"
                    },
                    {
                      "k": "name",
                      "v": "xanatrox"
                    }
                  ]
                }
              },
              {
                "k": "ref",
                "v": "refs/heads/master"
              },
              {
                "k": "repository",
                "v": {
                  "t": 2,
                  "d": [
                    {
                      "k": "allow_forking",
                      "v": true
                    },
                    {
                      "k": "archive_url",
                      "v": "https://api.github.com/repos/Xanatrox-Corp/vuln-server/{archive_format}{/ref}"
                    },
                    {
                      "k": "archived",
                      "v": false
                    },
                    {
                      "k": "assignees_url",
                      "v": "https://api.github.com/repos/Xanatrox-Corp/vuln-server/assignees{/user}"
                    },
                    {
                      "k": "blobs_url",
                      "v": "https://api.github.com/repos/Xanatrox-Corp/vuln-server/git/blobs{/sha}"
                    },
                    {
                      "k": "branches_url",
                      "v": "https://api.github.com/repos/Xanatrox-Corp/vuln-server/branches{/branch}"
                    },
                    {
                      "k": "clone_url",
                      "v": "https://github.com/Xanatrox-Corp/vuln-server.git"
                    },
                    {
                      "k": "collaborators_url",
                      "v": "https://api.github.com/repos/Xanatrox-Corp/vuln-server/collaborators{/collaborator}"
                    },
                    {
                      "k": "comments_url",
                      "v": "https://api.github.com/repos/Xanatrox-Corp/vuln-server/comments{/number}"
                    },
                    {
                      "k": "commits_url",
                      "v": "https://api.github.com/repos/Xanatrox-Corp/vuln-server/commits{/sha}"
                    },
                    {
                      "k": "compare_url",
                      "v": "https://api.github.com/repos/Xanatrox-Corp/vuln-server/compare/{base}...{head}"
                    },
                    {
                      "k": "contents_url",
                      "v": "https://api.github.com/repos/Xanatrox-Corp/vuln-server/contents/{+path}"
                    },
                    {
                      "k": "contributors_url",
                      "v": "https://api.github.com/repos/Xanatrox-Corp/vuln-server/contributors"
                    },
                    {
                      "k": "created_at",
                      "v": 1761292213.0
                    },
                    {
                      "k": "custom_properties",
                      "v": {
                        "t": 2
                      }
                    },
                    {
                      "k": "default_branch",
                      "v": "master"
                    },
                    {
                      "k": "deployments_url",
                      "v": "https://api.github.com/repos/Xanatrox-Corp/vuln-server/deployments"
                    },
                    {
                      "k": "description",
                      "v": null
                    },
                    {
                      "k": "disabled",
                      "v": false
                    },
                    {
                      "k": "downloads_url",
                      "v": "https://api.github.com/repos/Xanatrox-Corp/vuln-server/downloads"
                    },
                    {
                      "k": "events_url",
                      "v": "https://api.github.com/repos/Xanatrox-Corp/vuln-server/events"
                    },
                    {
                      "k": "fork",
                      "v": false
                    },
                    {
                      "k": "forks",
                      "v": 0.0
                    },
                    {
                      "k": "forks_count",
                      "v": 0.0
                    },
                    {
                      "k": "forks_url",
                      "v": "https://api.github.com/repos/Xanatrox-Corp/vuln-server/forks"
                    },
                    {
                      "k": "full_name",
                      "v": "Xanatrox-Corp/vuln-server"
                    },
                    {
                      "k": "git_commits_url",
                      "v": "https://api.github.com/repos/Xanatrox-Corp/vuln-server/git/commits{/sha}"
                    },
                    {
                      "k": "git_refs_url",
                      "v": "https://api.github.com/repos/Xanatrox-Corp/vuln-server/git/refs{/sha}"
                    },
                    {
                      "k": "git_tags_url",
                      "v": "https://api.github.com/repos/Xanatrox-Corp/vuln-server/git/tags{/sha}"
                    },
                    {
                      "k": "git_url",
                      "v": "git://github.com/Xanatrox-Corp/vuln-server.git"
                    },
                    {
                      "k": "has_discussions",
                      "v": false
                    },
                    {
                      "k": "has_downloads",
                      "v": true
                    },
                    {
                      "k": "has_issues",
                      "v": true
                    },
                    {
                      "k": "has_pages",
                      "v": false
                    },
                    {
                      "k": "has_projects",
                      "v": true
                    },
                    {
                      "k": "has_wiki",
                      "v": false
                    },
                    {
                      "k": "homepage",
                      "v": null
                    },
                    {
                      "k": "hooks_url",
                      "v": "https://api.github.com/repos/Xanatrox-Corp/vuln-server/hooks"
                    },
                    {
                      "k": "html_url",
                      "v": "https://github.com/Xanatrox-Corp/vuln-server"
                    },
                    {
                      "k": "id",
                      "v": 1082412841.0
                    },
                    {
                      "k": "is_template",
                      "v": false
                    },
                    {
                      "k": "issue_comment_url",
                      "v": "https://api.github.com/repos/Xanatrox-Corp/vuln-server/issues/comments{/number}"
                    },
                    {
                      "k": "issue_events_url",
                      "v": "https://api.github.com/repos/Xanatrox-Corp/vuln-server/issues/events{/number}"
                    },
                    {
                      "k": "issues_url",
                      "v": "https://api.github.com/repos/Xanatrox-Corp/vuln-server/issues{/number}"
                    },
                    {
                      "k": "keys_url",
                      "v": "https://api.github.com/repos/Xanatrox-Corp/vuln-server/keys{/key_id}"
                    },
                    {
                      "k": "labels_url",
                      "v": "https://api.github.com/repos/Xanatrox-Corp/vuln-server/labels{/name}"
                    },
                    {
                      "k": "language",
                      "v": "JavaScript"
                    },
                    {
                      "k": "languages_url",
                      "v": "https://api.github.com/repos/Xanatrox-Corp/vuln-server/languages"
                    },
                    {
                      "k": "license",
                      "v": null
                    },
                    {
                      "k": "master_branch",
                      "v": "master"
                    },
                    {
                      "k": "merges_url",
                      "v": "https://api.github.com/repos/Xanatrox-Corp/vuln-server/merges"
                    },
                    {
                      "k": "milestones_url",
                      "v": "https://api.github.com/repos/Xanatrox-Corp/vuln-server/milestones{/number}"
                    },
                    {
                      "k": "mirror_url",
                      "v": null
                    },
                    {
                      "k": "name",
                      "v": "vuln-server"
                    },
                    {
                      "k": "node_id",
                      "v": "R_kgDOQIRPKQ"
                    },
                    {
                      "k": "notifications_url",
                      "v": "https://api.github.com/repos/Xanatrox-Corp/vuln-server/notifications{?since,all,participating}"
                    },
                    {
                      "k": "open_issues",
                      "v": 0.0
                    },
                    {
                      "k": "open_issues_count",
                      "v": 0.0
                    },
                    {
                      "k": "organization",
                      "v": "Xanatrox-Corp"
                    },
                    {
                      "k": "owner",
                      "v": {
                        "t": 2,
                        "d": [
                          {
                            "k": "avatar_url",
                            "v": "https://avatars.githubusercontent.com/u/239948844?v=4"
                          },
                          {
                            "k": "email",
                            "v": null
                          },
                          {
                            "k": "events_url",
                            "v": "https://api.github.com/users/Xanatrox-Corp/events{/privacy}"
                          },
                          {
                            "k": "followers_url",
                            "v": "https://api.github.com/users/Xanatrox-Corp/followers"
                          },
                          {
                            "k": "following_url",
                            "v": "https://api.github.com/users/Xanatrox-Corp/following{/other_user}"
                          },
                          {
                            "k": "gists_url",
                            "v": "https://api.github.com/users/Xanatrox-Corp/gists{/gist_id}"
                          },
                          {
                            "k": "gravatar_id",
                            "v": ""
                          },
                          {
                            "k": "html_url",
                            "v": "https://github.com/Xanatrox-Corp"
                          },
                          {
                            "k": "id",
                            "v": 239948844.0
                          },
                          {
                            "k": "login",
                            "v": "Xanatrox-Corp"
                          },
                          {
                            "k": "name",
                            "v": "Xanatrox-Corp"
                          },
                          {
                            "k": "node_id",
                            "v": "O_kgDODk1ULA"
                          },
                          {
                            "k": "organizations_url",
                            "v": "https://api.github.com/users/Xanatrox-Corp/orgs"
                          },
                          {
                            "k": "received_events_url",
                            "v": "https://api.github.com/users/Xanatrox-Corp/received_events"
                          },
                          {
                            "k": "repos_url",
                            "v": "https://api.github.com/users/Xanatrox-Corp/repos"
                          },
                          {
                            "k": "site_admin",
                            "v": false
                          },
                          {
                            "k": "starred_url",
                            "v": "https://api.github.com/users/Xanatrox-Corp/starred{/owner}{/repo}"
                          },
                          {
                            "k": "subscriptions_url",
                            "v": "https://api.github.com/users/Xanatrox-Corp/subscriptions"
                          },
                          {
                            "k": "type",
                            "v": "Organization"
                          },
                          {
                            "k": "url",
                            "v": "https://api.github.com/users/Xanatrox-Corp"
                          },
                          {
                            "k": "user_view_type",
                            "v": "public"
                          }
                        ]
                      }
                    },
                    {
                      "k": "private",
                      "v": false
                    },
                    {
                      "k": "pulls_url",
                      "v": "https://api.github.com/repos/Xanatrox-Corp/vuln-server/pulls{/number}"
                    },
                    {
                      "k": "pushed_at",
                      "v": 1761301117.0
                    },
                    {
                      "k": "releases_url",
                      "v": "https://api.github.com/repos/Xanatrox-Corp/vuln-server/releases{/id}"
                    },
                    {
                      "k": "size",
                      "v": 6512.0
                    },
                    {
                      "k": "ssh_url",
                      "v": "git@github.com:Xanatrox-Corp/vuln-server.git"
                    },
                    {
                      "k": "stargazers",
                      "v": 0.0
                    },
                    {
                      "k": "stargazers_count",
                      "v": 0.0
                    },
                    {
                      "k": "stargazers_url",
                      "v": "https://api.github.com/repos/Xanatrox-Corp/vuln-server/stargazers"
                    },
                    {
                      "k": "statuses_url",
                      "v": "https://api.github.com/repos/Xanatrox-Corp/vuln-server/statuses/{sha}"
                    },
                    {
                      "k": "subscribers_url",
                      "v": "https://api.github.com/repos/Xanatrox-Corp/vuln-server/subscribers"
                    },
                    {
                      "k": "subscription_url",
                      "v": "https://api.github.com/repos/Xanatrox-Corp/vuln-server/subscription"
                    },
                    {
                      "k": "svn_url",
                      "v": "https://github.com/Xanatrox-Corp/vuln-server"
                    },
                    {
                      "k": "tags_url",
                      "v": "https://api.github.com/repos/Xanatrox-Corp/vuln-server/tags"
                    },
                    {
                      "k": "teams_url",
                      "v": "https://api.github.com/repos/Xanatrox-Corp/vuln-server/teams"
                    },
                    {
                      "k": "topics",
                      "v": {
                        "t": 1
                      }
                    },
                    {
                      "k": "trees_url",
                      "v": "https://api.github.com/repos/Xanatrox-Corp/vuln-server/git/trees{/sha}"
                    },
                    {
                      "k": "updated_at",
                      "v": "2025-10-24T10:16:54Z"
                    },
                    {
                      "k": "url",
                      "v": "https://api.github.com/repos/Xanatrox-Corp/vuln-server"
                    },
                    {
                      "k": "visibility",
                      "v": "public"
                    },
                    {
                      "k": "watchers",
                      "v": 0.0
                    },
                    {
                      "k": "watchers_count",
                      "v": 0.0
                    },
                    {
                      "k": "web_commit_signoff_required",
                      "v": false
                    }
                  ]
                }
              },
              {
                "k": "sender",
                "v": {
                  "t": 2,
                  "d": [
                    {
                      "k": "avatar_url",
                      "v": "https://avatars.githubusercontent.com/u/82451105?v=4"
                    },
                    {
                      "k": "events_url",
                      "v": "https://api.github.com/users/xanatrox/events{/privacy}"
                    },
                    {
                      "k": "followers_url",
                      "v": "https://api.github.com/users/xanatrox/followers"
                    },
                    {
                      "k": "following_url",
                      "v": "https://api.github.com/users/xanatrox/following{/other_user}"
                    },
                    {
                      "k": "gists_url",
                      "v": "https://api.github.com/users/xanatrox/gists{/gist_id}"
                    },
                    {
                      "k": "gravatar_id",
                      "v": ""
                    },
                    {
                      "k": "html_url",
                      "v": "https://github.com/xanatrox"
                    },
                    {
                      "k": "id",
                      "v": 82451105.0
                    },
                    {
                      "k": "login",
                      "v": "xanatrox"
                    },
                    {
                      "k": "node_id",
                      "v": "MDQ6VXNlcjgyNDUxMTA1"
                    },
                    {
                      "k": "organizations_url",
                      "v": "https://api.github.com/users/xanatrox/orgs"
                    },
                    {
                      "k": "received_events_url",
                      "v": "https://api.github.com/users/xanatrox/received_events"
                    },
                    {
                      "k": "repos_url",
                      "v": "https://api.github.com/users/xanatrox/repos"
                    },
                    {
                      "k": "site_admin",
                      "v": false
                    },
                    {
                      "k": "starred_url",
                      "v": "https://api.github.com/users/xanatrox/starred{/owner}{/repo}"
                    },
                    {
                      "k": "subscriptions_url",
                      "v": "https://api.github.com/users/xanatrox/subscriptions"
                    },
                    {
                      "k": "type",
                      "v": "User"
                    },
                    {
                      "k": "url",
                      "v": "https://api.github.com/users/xanatrox"
                    },
                    {
                      "k": "user_view_type",
                      "v": "public"
                    }
                  ]
                }
              }
            ]
          }
        },
        {
          "k": "workflow_ref",
          "v": "Xanatrox-Corp/vuln-server/.github/workflows/self-hosted.yml@refs/heads/master"
        },
        {
          "k": "workflow_sha",
          "v": "b325e962a271699f53eb499791eb514cd2323270"
        },
        {
          "k": "repository_id",
          "v": "1082412841"
        },
        {
          "k": "triggering_actor",
          "v": "xanatrox"
        }
      ]
    },
    "inputs": {
      "t": 2
    },
    "job": {
      "t": 2,
      "d": [
        {
          "k": "check_run_id",
          "v": 53573254317.0
        }
      ]
    },
    "matrix": null,
    "needs": {
      "t": 2
    },
    "strategy": {
      "t": 2,
      "d": [
        {
          "k": "fail-fast",
          "v": true
        },
        {
          "k": "job-index",
          "v": 0.0
        },
        {
          "k": "job-total",
          "v": 1.0
        },
        {
          "k": "max-parallel",
          "v": 1.0
        }
      ]
    },
    "vars": {
      "t": 2
    }
  },
  "billingOwnerId": "O_kgDODk1ULA"
}
[2025-10-24 10:18:37Z INFO JobRunner] Job ID 48106e7f-d8e3-5c30-9a78-a060bd222262
[2025-10-24 10:18:37Z INFO ConfigurationStore] currentAssemblyLocation: C:\Users\Raika\Desktop\vuln-server\actions-runner\bin\Runner.Worker.dll
[2025-10-24 10:18:37Z INFO HostContext] Well known directory 'Bin': 'C:\Users\Raika\Desktop\vuln-server\actions-runner\bin'
[2025-10-24 10:18:37Z INFO ConfigurationStore] binPath: C:\Users\Raika\Desktop\vuln-server\actions-runner\bin
[2025-10-24 10:18:37Z INFO HostContext] Well known directory 'Bin': 'C:\Users\Raika\Desktop\vuln-server\actions-runner\bin'
[2025-10-24 10:18:37Z INFO HostContext] Well known directory 'Root': 'C:\Users\Raika\Desktop\vuln-server\actions-runner'
[2025-10-24 10:18:37Z INFO ConfigurationStore] RootFolder: C:\Users\Raika\Desktop\vuln-server\actions-runner
[2025-10-24 10:18:37Z INFO HostContext] Well known directory 'Bin': 'C:\Users\Raika\Desktop\vuln-server\actions-runner\bin'
[2025-10-24 10:18:37Z INFO HostContext] Well known directory 'Root': 'C:\Users\Raika\Desktop\vuln-server\actions-runner'
[2025-10-24 10:18:37Z INFO HostContext] Well known config file 'Runner': 'C:\Users\Raika\Desktop\vuln-server\actions-runner\.runner'
[2025-10-24 10:18:37Z INFO ConfigurationStore] ConfigFilePath: C:\Users\Raika\Desktop\vuln-server\actions-runner\.runner
[2025-10-24 10:18:37Z INFO HostContext] Well known directory 'Bin': 'C:\Users\Raika\Desktop\vuln-server\actions-runner\bin'
[2025-10-24 10:18:37Z INFO HostContext] Well known directory 'Root': 'C:\Users\Raika\Desktop\vuln-server\actions-runner'
[2025-10-24 10:18:37Z INFO HostContext] Well known config file 'MigratedRunner': 'C:\Users\Raika\Desktop\vuln-server\actions-runner\.runner_migrated'
[2025-10-24 10:18:37Z INFO ConfigurationStore] MigratedConfigFilePath: C:\Users\Raika\Desktop\vuln-server\actions-runner\.runner_migrated
[2025-10-24 10:18:37Z INFO HostContext] Well known directory 'Bin': 'C:\Users\Raika\Desktop\vuln-server\actions-runner\bin'
[2025-10-24 10:18:37Z INFO HostContext] Well known directory 'Root': 'C:\Users\Raika\Desktop\vuln-server\actions-runner'
[2025-10-24 10:18:37Z INFO HostContext] Well known config file 'Credentials': 'C:\Users\Raika\Desktop\vuln-server\actions-runner\.credentials'
[2025-10-24 10:18:37Z INFO ConfigurationStore] CredFilePath: C:\Users\Raika\Desktop\vuln-server\actions-runner\.credentials
[2025-10-24 10:18:37Z INFO HostContext] Well known directory 'Bin': 'C:\Users\Raika\Desktop\vuln-server\actions-runner\bin'
[2025-10-24 10:18:37Z INFO HostContext] Well known directory 'Root': 'C:\Users\Raika\Desktop\vuln-server\actions-runner'
[2025-10-24 10:18:37Z INFO HostContext] Well known config file 'MigratedCredentials': 'C:\Users\Raika\Desktop\vuln-server\actions-runner\.credentials_migrated'
[2025-10-24 10:18:37Z INFO ConfigurationStore] MigratedCredFilePath: C:\Users\Raika\Desktop\vuln-server\actions-runner\.credentials_migrated
[2025-10-24 10:18:37Z INFO HostContext] Well known directory 'Bin': 'C:\Users\Raika\Desktop\vuln-server\actions-runner\bin'
[2025-10-24 10:18:37Z INFO HostContext] Well known directory 'Root': 'C:\Users\Raika\Desktop\vuln-server\actions-runner'
[2025-10-24 10:18:37Z INFO HostContext] Well known config file 'Service': 'C:\Users\Raika\Desktop\vuln-server\actions-runner\.service'
[2025-10-24 10:18:37Z INFO ConfigurationStore] ServiceConfigFilePath: C:\Users\Raika\Desktop\vuln-server\actions-runner\.service
[2025-10-24 10:18:37Z INFO ConfigurationStore] Read setting file: 402 chars
[2025-10-24 10:18:37Z INFO JobRunner] Initializing launch client
[2025-10-24 10:18:37Z INFO JobServerQueue] Initializing results client
[2025-10-24 10:18:37Z INFO ResultServer] Creating websocket client ...wss://results-receiver.actions.githubusercontent.com/_ws/ingest.sock
[2025-10-24 10:18:37Z INFO ResultServer] Attempting to start websocket client with delay 00:00:00.
[2025-10-24 10:18:37Z INFO JobServerQueue] Start process web console line queue.
[2025-10-24 10:18:37Z INFO JobServerQueue] Start process file upload queue.
[2025-10-24 10:18:37Z INFO JobServerQueue] Start results file upload queue.
[2025-10-24 10:18:37Z INFO JobServerQueue] Starting results-based upload queue...
[2025-10-24 10:18:37Z INFO JobServerQueue] Start process timeline update queue.
[2025-10-24 10:18:37Z INFO ExecutionContext] Initializing Job context
[2025-10-24 10:18:37Z INFO ExecutionContext] Initialize GitHub context
[2025-10-24 10:18:37Z INFO ExecutionContext] Initialize Env context
[2025-10-24 10:18:37Z INFO HostContext] Well known directory 'Bin': 'C:\Users\Raika\Desktop\vuln-server\actions-runner\bin'
[2025-10-24 10:18:37Z INFO HostContext] Well known directory 'Root': 'C:\Users\Raika\Desktop\vuln-server\actions-runner'
[2025-10-24 10:18:37Z INFO HostContext] Well known directory 'Diag': 'C:\Users\Raika\Desktop\vuln-server\actions-runner\_diag'
[2025-10-24 10:18:37Z INFO HostContext] Well known directory 'Bin': 'C:\Users\Raika\Desktop\vuln-server\actions-runner\bin'
[2025-10-24 10:18:37Z INFO HostContext] Well known directory 'Root': 'C:\Users\Raika\Desktop\vuln-server\actions-runner'
[2025-10-24 10:18:37Z INFO HostContext] Well known directory 'Diag': 'C:\Users\Raika\Desktop\vuln-server\actions-runner\_diag'
[2025-10-24 10:18:37Z INFO JobRunner] Starting the job execution context.
[2025-10-24 10:18:37Z INFO HostContext] Well known directory 'Bin': 'C:\Users\Raika\Desktop\vuln-server\actions-runner\bin'
[2025-10-24 10:18:37Z INFO HostContext] Well known directory 'Root': 'C:\Users\Raika\Desktop\vuln-server\actions-runner'
[2025-10-24 10:18:37Z INFO HostContext] Well known directory 'Work': 'C:\Users\Raika\Desktop\vuln-server\actions-runner\_work'
[2025-10-24 10:18:37Z INFO JobRunner] Validating directory permissions for: 'C:\Users\Raika\Desktop\vuln-server\actions-runner\_work'
[2025-10-24 10:18:37Z INFO HostContext] Well known directory 'Bin': 'C:\Users\Raika\Desktop\vuln-server\actions-runner\bin'
[2025-10-24 10:18:37Z INFO HostContext] Well known directory 'Root': 'C:\Users\Raika\Desktop\vuln-server\actions-runner'
[2025-10-24 10:18:37Z INFO HostContext] Well known directory 'Work': 'C:\Users\Raika\Desktop\vuln-server\actions-runner\_work'
[2025-10-24 10:18:37Z INFO HostContext] Well known directory 'Tools': 'C:\Users\Raika\Desktop\vuln-server\actions-runner\_work\_tool'
[2025-10-24 10:18:37Z INFO HostContext] Well known directory 'Bin': 'C:\Users\Raika\Desktop\vuln-server\actions-runner\bin'
[2025-10-24 10:18:37Z INFO HostContext] Well known directory 'Root': 'C:\Users\Raika\Desktop\vuln-server\actions-runner'
[2025-10-24 10:18:37Z INFO HostContext] Well known directory 'Work': 'C:\Users\Raika\Desktop\vuln-server\actions-runner\_work'
[2025-10-24 10:18:37Z INFO HostContext] Well known directory 'Temp': 'C:\Users\Raika\Desktop\vuln-server\actions-runner\_work\_temp'
[2025-10-24 10:18:37Z INFO JobRunner] Getting job extension.
[2025-10-24 10:18:37Z INFO JobRunner] Initialize job. Getting all job steps.
[2025-10-24 10:18:37Z INFO HostContext] Well known directory 'Bin': 'C:\Users\Raika\Desktop\vuln-server\actions-runner\bin'
[2025-10-24 10:18:37Z INFO HostContext] Well known directory 'Root': 'C:\Users\Raika\Desktop\vuln-server\actions-runner'
[2025-10-24 10:18:37Z INFO HostContext] Well known directory 'Diag': 'C:\Users\Raika\Desktop\vuln-server\actions-runner\_diag'
[2025-10-24 10:18:37Z INFO HostContext] Well known directory 'Bin': 'C:\Users\Raika\Desktop\vuln-server\actions-runner\bin'
[2025-10-24 10:18:37Z INFO HostContext] Well known directory 'Root': 'C:\Users\Raika\Desktop\vuln-server\actions-runner'
[2025-10-24 10:18:37Z INFO HostContext] Well known directory 'Diag': 'C:\Users\Raika\Desktop\vuln-server\actions-runner\_diag'
[2025-10-24 10:18:37Z INFO HostContext] Well known directory 'Bin': 'C:\Users\Raika\Desktop\vuln-server\actions-runner\bin'
[2025-10-24 10:18:37Z INFO HostContext] Well known directory 'Root': 'C:\Users\Raika\Desktop\vuln-server\actions-runner'
[2025-10-24 10:18:37Z INFO HostContext] Well known config file 'Credentials': 'C:\Users\Raika\Desktop\vuln-server\actions-runner\.credentials'
[2025-10-24 10:18:37Z INFO HostContext] Well known directory 'Bin': 'C:\Users\Raika\Desktop\vuln-server\actions-runner\bin'
[2025-10-24 10:18:37Z INFO HostContext] Well known directory 'Root': 'C:\Users\Raika\Desktop\vuln-server\actions-runner'
[2025-10-24 10:18:37Z INFO HostContext] Well known config file 'SetupInfo': 'C:\Users\Raika\Desktop\vuln-server\actions-runner\.setup_info'
[2025-10-24 10:18:37Z INFO HostContext] Well known directory 'Bin': 'C:\Users\Raika\Desktop\vuln-server\actions-runner\bin'
[2025-10-24 10:18:37Z INFO HostContext] Well known directory 'Root': 'C:\Users\Raika\Desktop\vuln-server\actions-runner'
[2025-10-24 10:18:37Z INFO HostContext] Well known directory 'Work': 'C:\Users\Raika\Desktop\vuln-server\actions-runner\_work'
[2025-10-24 10:18:37Z INFO PipelineDirectoryManager] Loading tracking config if exists: C:\Users\Raika\Desktop\vuln-server\actions-runner\_work\_PipelineMapping\Xanatrox-Corp/vuln-server\PipelineFolder.json
[2025-10-24 10:18:37Z INFO PipelineDirectoryManager] Creating a new tracking config file.
[2025-10-24 10:18:37Z INFO HostContext] Well known directory 'Bin': 'C:\Users\Raika\Desktop\vuln-server\actions-runner\bin'
[2025-10-24 10:18:37Z INFO HostContext] Well known directory 'Root': 'C:\Users\Raika\Desktop\vuln-server\actions-runner'
[2025-10-24 10:18:37Z INFO HostContext] Well known directory 'Work': 'C:\Users\Raika\Desktop\vuln-server\actions-runner\_work'
[2025-10-24 10:18:37Z INFO PipelineDirectoryManager] Creating pipeline directory.
[2025-10-24 10:18:37Z INFO HostContext] Well known directory 'Bin': 'C:\Users\Raika\Desktop\vuln-server\actions-runner\bin'
[2025-10-24 10:18:37Z INFO HostContext] Well known directory 'Root': 'C:\Users\Raika\Desktop\vuln-server\actions-runner'
[2025-10-24 10:18:37Z INFO HostContext] Well known directory 'Work': 'C:\Users\Raika\Desktop\vuln-server\actions-runner\_work'
[2025-10-24 10:18:37Z INFO PipelineDirectoryManager] Creating workspace directory.
[2025-10-24 10:18:37Z INFO HostContext] Well known directory 'Bin': 'C:\Users\Raika\Desktop\vuln-server\actions-runner\bin'
[2025-10-24 10:18:37Z INFO HostContext] Well known directory 'Root': 'C:\Users\Raika\Desktop\vuln-server\actions-runner'
[2025-10-24 10:18:37Z INFO HostContext] Well known directory 'Work': 'C:\Users\Raika\Desktop\vuln-server\actions-runner\_work'
[2025-10-24 10:18:37Z INFO JobExtension] Downloading actions
[2025-10-24 10:18:37Z INFO HostContext] Well known directory 'Bin': 'C:\Users\Raika\Desktop\vuln-server\actions-runner\bin'
[2025-10-24 10:18:37Z INFO HostContext] Well known directory 'Root': 'C:\Users\Raika\Desktop\vuln-server\actions-runner'
[2025-10-24 10:18:37Z INFO HostContext] Well known directory 'Work': 'C:\Users\Raika\Desktop\vuln-server\actions-runner\_work'
[2025-10-24 10:18:37Z INFO HostContext] Well known directory 'Actions': 'C:\Users\Raika\Desktop\vuln-server\actions-runner\_work\_actions'
[2025-10-24 10:18:37Z INFO JobExtension] Adding .
[2025-10-24 10:18:37Z INFO JobExtension] Adding .
[2025-10-24 10:18:37Z INFO HostContext] Well known directory 'Bin': 'C:\Users\Raika\Desktop\vuln-server\actions-runner\bin'
[2025-10-24 10:18:37Z INFO HostContext] Well known directory 'Root': 'C:\Users\Raika\Desktop\vuln-server\actions-runner'
[2025-10-24 10:18:37Z INFO HostContext] Well known directory 'Diag': 'C:\Users\Raika\Desktop\vuln-server\actions-runner\_diag'
[2025-10-24 10:18:37Z INFO HostContext] Well known directory 'Bin': 'C:\Users\Raika\Desktop\vuln-server\actions-runner\bin'
[2025-10-24 10:18:37Z INFO HostContext] Well known directory 'Root': 'C:\Users\Raika\Desktop\vuln-server\actions-runner'
[2025-10-24 10:18:37Z INFO HostContext] Well known directory 'Diag': 'C:\Users\Raika\Desktop\vuln-server\actions-runner\_diag'
[2025-10-24 10:18:37Z INFO HostContext] Well known directory 'Bin': 'C:\Users\Raika\Desktop\vuln-server\actions-runner\bin'
[2025-10-24 10:18:37Z INFO HostContext] Well known directory 'Root': 'C:\Users\Raika\Desktop\vuln-server\actions-runner'
[2025-10-24 10:18:37Z INFO HostContext] Well known directory 'Diag': 'C:\Users\Raika\Desktop\vuln-server\actions-runner\_diag'
[2025-10-24 10:18:37Z INFO HostContext] Well known directory 'Bin': 'C:\Users\Raika\Desktop\vuln-server\actions-runner\bin'
[2025-10-24 10:18:37Z INFO HostContext] Well known directory 'Root': 'C:\Users\Raika\Desktop\vuln-server\actions-runner'
[2025-10-24 10:18:37Z INFO HostContext] Well known directory 'Diag': 'C:\Users\Raika\Desktop\vuln-server\actions-runner\_diag'
[2025-10-24 10:18:37Z INFO JobExtension] Total accessible running process: 372.
[2025-10-24 10:18:37Z INFO HostContext] Well known directory 'Bin': 'C:\Users\Raika\Desktop\vuln-server\actions-runner\bin'
[2025-10-24 10:18:37Z INFO HostContext] Well known directory 'Root': 'C:\Users\Raika\Desktop\vuln-server\actions-runner'
[2025-10-24 10:18:37Z INFO HostContext] Well known directory 'Work': 'C:\Users\Raika\Desktop\vuln-server\actions-runner\_work'
[2025-10-24 10:18:37Z INFO JobExtension] Start checking service connectivity in background.
[2025-10-24 10:18:37Z INFO ExecutionContext] Publish step telemetry for current step {
  "action": "setup_job",
  "type": "runner",
  "stage": "Pre",
  "stepId": "6411fe93-9ddb-4039-9116-14ab886a4d5e",
  "result": "succeeded",
  "errorMessages": [],
  "executionTimeInSeconds": 1,
  "startTime": "2025-10-24T10:18:37.2056039Z",
  "finishTime": "2025-10-24T10:18:37.2970421Z"
}.
[2025-10-24 10:18:37Z INFO JobRunner] Total job steps: 2.
[2025-10-24 10:18:37Z INFO JobRunner] Run all job steps.
[2025-10-24 10:18:37Z INFO StepsRunner] Processing step: DisplayName='Vérification du runner'
[2025-10-24 10:18:37Z INFO StepsRunner] Evaluating: success()
[2025-10-24 10:18:37Z INFO StepsRunner] Result: true
[2025-10-24 10:18:37Z INFO StepsRunner] Starting the step.
[2025-10-24 10:18:37Z INFO HostContext] Well known directory 'Bin': 'C:\Users\Raika\Desktop\vuln-server\actions-runner\bin'
[2025-10-24 10:18:37Z INFO HostContext] Well known directory 'Root': 'C:\Users\Raika\Desktop\vuln-server\actions-runner'
[2025-10-24 10:18:37Z INFO HostContext] Well known directory 'Work': 'C:\Users\Raika\Desktop\vuln-server\actions-runner\_work'
[2025-10-24 10:18:37Z INFO StepsRunner] Which2: 'chcp'
[2025-10-24 10:18:37Z INFO StepsRunner] Location: 'C:\Windows\system32\chcp.COM'
[2025-10-24 10:18:37Z INFO ProcessInvokerWrapper] Starting process:
[2025-10-24 10:18:37Z INFO ProcessInvokerWrapper]   File name: 'C:\Windows\system32\chcp.COM'
[2025-10-24 10:18:37Z INFO ProcessInvokerWrapper]   Arguments: '65001'
[2025-10-24 10:18:37Z INFO ProcessInvokerWrapper]   Working directory: 'C:\Users\Raika\Desktop\vuln-server\actions-runner\_work'
[2025-10-24 10:18:37Z INFO ProcessInvokerWrapper]   Require exit code zero: 'False'
[2025-10-24 10:18:37Z INFO ProcessInvokerWrapper]   Encoding web name:  ; code page: ''
[2025-10-24 10:18:37Z INFO ProcessInvokerWrapper]   Force kill process on cancellation: 'False'
[2025-10-24 10:18:37Z INFO ProcessInvokerWrapper]   Redirected STDIN: 'False'
[2025-10-24 10:18:37Z INFO ProcessInvokerWrapper]   Persist current code page: 'True'
[2025-10-24 10:18:37Z INFO ProcessInvokerWrapper]   Keep redirected STDIN open: 'False'
[2025-10-24 10:18:37Z INFO ProcessInvokerWrapper]   High priority process: 'False'
[2025-10-24 10:18:37Z INFO ProcessInvokerWrapper] Process started with process id 8572, waiting for process exit.
[2025-10-24 10:18:37Z INFO Worker] Listening for cancel message from the channel.
[2025-10-24 10:18:37Z INFO Worker] Waiting for the job to complete or for a cancel message from the channel.
[2025-10-24 10:18:37Z INFO ProcessInvokerWrapper] STDOUT/STDERR stream read finished.
[2025-10-24 10:18:37Z INFO ProcessInvokerWrapper] STDOUT/STDERR stream read finished.
[2025-10-24 10:18:37Z INFO ProcessInvokerWrapper] Finished process 8572 with exit code 0, and elapsed time 00:00:00.0151724.
[2025-10-24 10:18:37Z INFO StepsRunner] Successfully returned to code page 65001 (UTF8)
[2025-10-24 10:18:37Z INFO HostContext] Well known directory 'Bin': 'C:\Users\Raika\Desktop\vuln-server\actions-runner\bin'
[2025-10-24 10:18:37Z INFO HostContext] Well known directory 'Root': 'C:\Users\Raika\Desktop\vuln-server\actions-runner'
[2025-10-24 10:18:37Z INFO HostContext] Well known directory 'Work': 'C:\Users\Raika\Desktop\vuln-server\actions-runner\_work'
[2025-10-24 10:18:37Z INFO HostContext] Well known directory 'Temp': 'C:\Users\Raika\Desktop\vuln-server\actions-runner\_work\_temp'
[2025-10-24 10:18:37Z INFO ExecutionContext] Write event payload to C:\Users\Raika\Desktop\vuln-server\actions-runner\_work\_temp\_github_workflow\event.json
[2025-10-24 10:18:37Z INFO HostContext] Well known directory 'Bin': 'C:\Users\Raika\Desktop\vuln-server\actions-runner\bin'
[2025-10-24 10:18:37Z INFO HostContext] Well known directory 'Root': 'C:\Users\Raika\Desktop\vuln-server\actions-runner'
[2025-10-24 10:18:37Z INFO HostContext] Well known directory 'Work': 'C:\Users\Raika\Desktop\vuln-server\actions-runner\_work'
[2025-10-24 10:18:37Z INFO HostContext] Well known directory 'Temp': 'C:\Users\Raika\Desktop\vuln-server\actions-runner\_work\_temp'
[2025-10-24 10:18:37Z INFO ExtensionManager] Getting extensions for interface: 'GitHub.Runner.Worker.IFileCommandExtension'
[2025-10-24 10:18:37Z INFO ExtensionManager] Creating instance: GitHub.Runner.Worker.AddPathFileCommand, Runner.Worker
[2025-10-24 10:18:37Z INFO ExtensionManager] Creating instance: GitHub.Runner.Worker.SetEnvFileCommand, Runner.Worker
[2025-10-24 10:18:37Z INFO ExtensionManager] Creating instance: GitHub.Runner.Worker.CreateStepSummaryCommand, Runner.Worker
[2025-10-24 10:18:37Z INFO ExtensionManager] Creating instance: GitHub.Runner.Worker.SaveStateFileCommand, Runner.Worker
[2025-10-24 10:18:37Z INFO ExtensionManager] Creating instance: GitHub.Runner.Worker.SetOutputFileCommand, Runner.Worker
[2025-10-24 10:18:37Z INFO ExtensionManager] Getting extensions for interface: 'GitHub.Runner.Worker.IActionCommandExtension'
[2025-10-24 10:18:37Z INFO ExtensionManager] Creating instance: GitHub.Runner.Worker.InternalPluginSetRepoPathCommandExtension, Runner.Worker
[2025-10-24 10:18:37Z INFO ExtensionManager] Creating instance: GitHub.Runner.Worker.SetEnvCommandExtension, Runner.Worker
[2025-10-24 10:18:37Z INFO ExtensionManager] Creating instance: GitHub.Runner.Worker.SetOutputCommandExtension, Runner.Worker
[2025-10-24 10:18:37Z INFO ExtensionManager] Creating instance: GitHub.Runner.Worker.SaveStateCommandExtension, Runner.Worker
[2025-10-24 10:18:37Z INFO ExtensionManager] Creating instance: GitHub.Runner.Worker.AddPathCommandExtension, Runner.Worker
[2025-10-24 10:18:37Z INFO ExtensionManager] Creating instance: GitHub.Runner.Worker.AddMaskCommandExtension, Runner.Worker
[2025-10-24 10:18:37Z INFO ExtensionManager] Creating instance: GitHub.Runner.Worker.AddMatcherCommandExtension, Runner.Worker
[2025-10-24 10:18:37Z INFO ExtensionManager] Creating instance: GitHub.Runner.Worker.RemoveMatcherCommandExtension, Runner.Worker
[2025-10-24 10:18:37Z INFO ExtensionManager] Creating instance: GitHub.Runner.Worker.WarningCommandExtension, Runner.Worker
[2025-10-24 10:18:37Z INFO ExtensionManager] Creating instance: GitHub.Runner.Worker.ErrorCommandExtension, Runner.Worker
[2025-10-24 10:18:37Z INFO ExtensionManager] Creating instance: GitHub.Runner.Worker.NoticeCommandExtension, Runner.Worker
[2025-10-24 10:18:37Z INFO ExtensionManager] Creating instance: GitHub.Runner.Worker.DebugCommandExtension, Runner.Worker
[2025-10-24 10:18:37Z INFO ExtensionManager] Creating instance: GitHub.Runner.Worker.GroupCommandExtension, Runner.Worker
[2025-10-24 10:18:37Z INFO ExtensionManager] Creating instance: GitHub.Runner.Worker.EndGroupCommandExtension, Runner.Worker
[2025-10-24 10:18:37Z INFO ExtensionManager] Creating instance: GitHub.Runner.Worker.EchoCommandExtension, Runner.Worker
[2025-10-24 10:18:37Z INFO ActionCommandManager] Register action command extension for command internal-set-repo-path
[2025-10-24 10:18:37Z INFO ActionCommandManager] Register action command extension for command set-env
[2025-10-24 10:18:37Z INFO ActionCommandManager] Register action command extension for command set-output
[2025-10-24 10:18:37Z INFO ActionCommandManager] Register action command extension for command save-state
[2025-10-24 10:18:37Z INFO ActionCommandManager] Register action command extension for command add-path
[2025-10-24 10:18:37Z INFO ActionCommandManager] Register action command extension for command add-mask
[2025-10-24 10:18:37Z INFO ActionCommandManager] Register action command extension for command add-matcher
[2025-10-24 10:18:37Z INFO ActionCommandManager] Register action command extension for command remove-matcher
[2025-10-24 10:18:37Z INFO ActionCommandManager] Register action command extension for command warning
[2025-10-24 10:18:37Z INFO ActionCommandManager] Register action command extension for command error
[2025-10-24 10:18:37Z INFO ActionCommandManager] Register action command extension for command notice
[2025-10-24 10:18:37Z INFO ActionCommandManager] Register action command extension for command debug
[2025-10-24 10:18:37Z INFO ActionCommandManager] Register action command extension for command group
[2025-10-24 10:18:37Z INFO ActionCommandManager] Register action command extension for command endgroup
[2025-10-24 10:18:37Z INFO ActionCommandManager] Register action command extension for command echo
[2025-10-24 10:18:37Z INFO ScriptHandler] Which2: 'pwsh'
[2025-10-24 10:18:37Z INFO ScriptHandler] pwsh: command not found. Make sure 'pwsh' is installed and its location included in the 'Path' environment variable.
[2025-10-24 10:18:37Z INFO ScriptHandler] Defaulting to powershell
[2025-10-24 10:18:37Z INFO ScriptHandler] Which2: 'powershell'
[2025-10-24 10:18:37Z INFO ScriptHandler] Location: 'C:\Windows\System32\WindowsPowerShell\v1.0\powershell.EXE'
[2025-10-24 10:18:37Z INFO HostContext] Well known directory 'Bin': 'C:\Users\Raika\Desktop\vuln-server\actions-runner\bin'
[2025-10-24 10:18:37Z INFO HostContext] Well known directory 'Root': 'C:\Users\Raika\Desktop\vuln-server\actions-runner'
[2025-10-24 10:18:37Z INFO HostContext] Well known directory 'Work': 'C:\Users\Raika\Desktop\vuln-server\actions-runner\_work'
[2025-10-24 10:18:37Z INFO HostContext] Well known directory 'Temp': 'C:\Users\Raika\Desktop\vuln-server\actions-runner\_work\_temp'
[2025-10-24 10:18:37Z INFO ScriptHandler] Which2: 'pwsh'
[2025-10-24 10:18:37Z INFO ScriptHandler] pwsh: command not found. Make sure 'pwsh' is installed and its location included in the 'Path' environment variable.
[2025-10-24 10:18:37Z INFO ScriptHandler] Defaulting to powershell
[2025-10-24 10:18:37Z INFO ScriptHandler] Which2: 'powershell'
[2025-10-24 10:18:37Z INFO ScriptHandler] Location: 'C:\Windows\System32\WindowsPowerShell\v1.0\powershell.EXE'
[2025-10-24 10:18:37Z INFO ProcessInvokerWrapper] Starting process:
[2025-10-24 10:18:37Z INFO ProcessInvokerWrapper]   File name: 'C:\Windows\System32\WindowsPowerShell\v1.0\powershell.EXE'
[2025-10-24 10:18:37Z INFO ProcessInvokerWrapper]   Arguments: '-command ". 'C:\Users\Raika\Desktop\vuln-server\actions-runner\_work\_temp\174a6b5e-c908-4bcc-9fa2-cd43d04b2000.ps1'"'
[2025-10-24 10:18:37Z INFO ProcessInvokerWrapper]   Working directory: 'C:\Users\Raika\Desktop\vuln-server\actions-runner\_work\vuln-server\vuln-server'
[2025-10-24 10:18:37Z INFO ProcessInvokerWrapper]   Require exit code zero: 'False'
[2025-10-24 10:18:37Z INFO ProcessInvokerWrapper]   Encoding web name:  ; code page: ''
[2025-10-24 10:18:37Z INFO ProcessInvokerWrapper]   Force kill process on cancellation: 'False'
[2025-10-24 10:18:37Z INFO ProcessInvokerWrapper]   Redirected STDIN: 'False'
[2025-10-24 10:18:37Z INFO ProcessInvokerWrapper]   Persist current code page: 'True'
[2025-10-24 10:18:37Z INFO ProcessInvokerWrapper]   Keep redirected STDIN open: 'False'
[2025-10-24 10:18:37Z INFO ProcessInvokerWrapper]   High priority process: 'False'
[2025-10-24 10:18:37Z INFO ProcessInvokerWrapper] Process started with process id 33992, waiting for process exit.
[2025-10-24 10:18:37Z INFO ResultServer] Successfully started websocket client.
[2025-10-24 10:18:37Z INFO JobServerQueue] Try to append 1 batches web console lines for record '6411fe93-9ddb-4039-9116-14ab886a4d5e', success rate: 1/1.
[2025-10-24 10:18:37Z INFO JobServerQueue] Try to append 1 batches web console lines for record '8c186c92-bab9-435d-a636-79561bcec36b', success rate: 1/1.
[2025-10-24 10:18:37Z INFO ProcessInvokerWrapper] STDOUT/STDERR stream read finished.
[2025-10-24 10:18:37Z INFO ProcessInvokerWrapper] STDOUT/STDERR stream read finished.
[2025-10-24 10:18:37Z INFO ProcessInvokerWrapper] Finished process 33992 with exit code 0, and elapsed time 00:00:00.4247939.
[2025-10-24 10:18:37Z INFO CreateStepSummaryCommand] Step Summary file (C:\Users\Raika\Desktop\vuln-server\actions-runner\_work\_temp\_runner_file_commands\step_summary_b775d721-cc46-452b-a899-5d05c9aebd14) is empty; skipping attachment upload
[2025-10-24 10:18:37Z INFO StepsRunner] Step result: 
[2025-10-24 10:18:37Z INFO ExecutionContext] Publish step telemetry for current step {
  "action": "powershell",
  "type": "run",
  "stage": "Main",
  "stepId": "8c186c92-bab9-435d-a636-79561bcec36b",
  "stepContextName": "__run",
  "result": "succeeded",
  "errorMessages": [],
  "executionTimeInSeconds": 1,
  "startTime": "2025-10-24T10:18:37.3085758Z",
  "finishTime": "2025-10-24T10:18:37.8396421Z"
}.
[2025-10-24 10:18:37Z INFO StepsRunner] No need for updating job result with current step result 'Succeeded'.
[2025-10-24 10:18:37Z INFO StepsRunner] Current state: job state = ''
[2025-10-24 10:18:37Z INFO StepsRunner] Processing step: DisplayName='Hello World'
[2025-10-24 10:18:37Z INFO StepsRunner] Evaluating: success()
[2025-10-24 10:18:37Z INFO StepsRunner] Result: true
[2025-10-24 10:18:37Z INFO StepsRunner] Starting the step.
[2025-10-24 10:18:37Z INFO HostContext] Well known directory 'Bin': 'C:\Users\Raika\Desktop\vuln-server\actions-runner\bin'
[2025-10-24 10:18:37Z INFO HostContext] Well known directory 'Root': 'C:\Users\Raika\Desktop\vuln-server\actions-runner'
[2025-10-24 10:18:37Z INFO HostContext] Well known directory 'Work': 'C:\Users\Raika\Desktop\vuln-server\actions-runner\_work'
[2025-10-24 10:18:37Z INFO StepsRunner] Which2: 'chcp'
[2025-10-24 10:18:37Z INFO StepsRunner] Location: 'C:\Windows\system32\chcp.COM'
[2025-10-24 10:18:37Z INFO ProcessInvokerWrapper] Starting process:
[2025-10-24 10:18:37Z INFO ProcessInvokerWrapper]   File name: 'C:\Windows\system32\chcp.COM'
[2025-10-24 10:18:37Z INFO ProcessInvokerWrapper]   Arguments: '65001'
[2025-10-24 10:18:37Z INFO ProcessInvokerWrapper]   Working directory: 'C:\Users\Raika\Desktop\vuln-server\actions-runner\_work'
[2025-10-24 10:18:37Z INFO ProcessInvokerWrapper]   Require exit code zero: 'False'
[2025-10-24 10:18:37Z INFO ProcessInvokerWrapper]   Encoding web name:  ; code page: ''
[2025-10-24 10:18:37Z INFO ProcessInvokerWrapper]   Force kill process on cancellation: 'False'
[2025-10-24 10:18:37Z INFO ProcessInvokerWrapper]   Redirected STDIN: 'False'
[2025-10-24 10:18:37Z INFO ProcessInvokerWrapper]   Persist current code page: 'True'
[2025-10-24 10:18:37Z INFO ProcessInvokerWrapper]   Keep redirected STDIN open: 'False'
[2025-10-24 10:18:37Z INFO ProcessInvokerWrapper]   High priority process: 'False'
[2025-10-24 10:18:37Z INFO ProcessInvokerWrapper] Process started with process id 15492, waiting for process exit.
[2025-10-24 10:18:37Z INFO ProcessInvokerWrapper] STDOUT/STDERR stream read finished.
[2025-10-24 10:18:37Z INFO ProcessInvokerWrapper] STDOUT/STDERR stream read finished.
[2025-10-24 10:18:37Z INFO ProcessInvokerWrapper] Finished process 15492 with exit code 0, and elapsed time 00:00:00.0106631.
[2025-10-24 10:18:37Z INFO StepsRunner] Successfully returned to code page 65001 (UTF8)
[2025-10-24 10:18:37Z INFO HostContext] Well known directory 'Bin': 'C:\Users\Raika\Desktop\vuln-server\actions-runner\bin'
[2025-10-24 10:18:37Z INFO HostContext] Well known directory 'Root': 'C:\Users\Raika\Desktop\vuln-server\actions-runner'
[2025-10-24 10:18:37Z INFO HostContext] Well known directory 'Work': 'C:\Users\Raika\Desktop\vuln-server\actions-runner\_work'
[2025-10-24 10:18:37Z INFO HostContext] Well known directory 'Temp': 'C:\Users\Raika\Desktop\vuln-server\actions-runner\_work\_temp'
[2025-10-24 10:18:37Z INFO ExecutionContext] Write event payload to C:\Users\Raika\Desktop\vuln-server\actions-runner\_work\_temp\_github_workflow\event.json
[2025-10-24 10:18:37Z INFO HostContext] Well known directory 'Bin': 'C:\Users\Raika\Desktop\vuln-server\actions-runner\bin'
[2025-10-24 10:18:37Z INFO HostContext] Well known directory 'Root': 'C:\Users\Raika\Desktop\vuln-server\actions-runner'
[2025-10-24 10:18:37Z INFO HostContext] Well known directory 'Work': 'C:\Users\Raika\Desktop\vuln-server\actions-runner\_work'
[2025-10-24 10:18:37Z INFO HostContext] Well known directory 'Temp': 'C:\Users\Raika\Desktop\vuln-server\actions-runner\_work\_temp'
[2025-10-24 10:18:37Z INFO ExtensionManager] Getting extensions for interface: 'GitHub.Runner.Worker.IFileCommandExtension'
[2025-10-24 10:18:37Z INFO ExtensionManager] Getting extensions for interface: 'GitHub.Runner.Worker.IActionCommandExtension'
[2025-10-24 10:18:37Z INFO ActionCommandManager] Register action command extension for command internal-set-repo-path
[2025-10-24 10:18:37Z INFO ActionCommandManager] Register action command extension for command set-env
[2025-10-24 10:18:37Z INFO ActionCommandManager] Register action command extension for command set-output
[2025-10-24 10:18:37Z INFO ActionCommandManager] Register action command extension for command save-state
[2025-10-24 10:18:37Z INFO ActionCommandManager] Register action command extension for command add-path
[2025-10-24 10:18:37Z INFO ActionCommandManager] Register action command extension for command add-mask
[2025-10-24 10:18:37Z INFO ActionCommandManager] Register action command extension for command add-matcher
[2025-10-24 10:18:37Z INFO ActionCommandManager] Register action command extension for command remove-matcher
[2025-10-24 10:18:37Z INFO ActionCommandManager] Register action command extension for command warning
[2025-10-24 10:18:37Z INFO ActionCommandManager] Register action command extension for command error
[2025-10-24 10:18:37Z INFO ActionCommandManager] Register action command extension for command notice
[2025-10-24 10:18:37Z INFO ActionCommandManager] Register action command extension for command debug
[2025-10-24 10:18:37Z INFO ActionCommandManager] Register action command extension for command group
[2025-10-24 10:18:37Z INFO ActionCommandManager] Register action command extension for command endgroup
[2025-10-24 10:18:37Z INFO ActionCommandManager] Register action command extension for command echo
[2025-10-24 10:18:37Z INFO ScriptHandler] Which2: 'pwsh'
[2025-10-24 10:18:37Z INFO ScriptHandler] pwsh: command not found. Make sure 'pwsh' is installed and its location included in the 'Path' environment variable.
[2025-10-24 10:18:37Z INFO ScriptHandler] Defaulting to powershell
[2025-10-24 10:18:37Z INFO ScriptHandler] Which2: 'powershell'
[2025-10-24 10:18:37Z INFO ScriptHandler] Location: 'C:\Windows\System32\WindowsPowerShell\v1.0\powershell.EXE'
[2025-10-24 10:18:37Z INFO HostContext] Well known directory 'Bin': 'C:\Users\Raika\Desktop\vuln-server\actions-runner\bin'
[2025-10-24 10:18:37Z INFO HostContext] Well known directory 'Root': 'C:\Users\Raika\Desktop\vuln-server\actions-runner'
[2025-10-24 10:18:37Z INFO HostContext] Well known directory 'Work': 'C:\Users\Raika\Desktop\vuln-server\actions-runner\_work'
[2025-10-24 10:18:37Z INFO HostContext] Well known directory 'Temp': 'C:\Users\Raika\Desktop\vuln-server\actions-runner\_work\_temp'
[2025-10-24 10:18:37Z INFO ScriptHandler] Which2: 'pwsh'
[2025-10-24 10:18:37Z INFO ScriptHandler] pwsh: command not found. Make sure 'pwsh' is installed and its location included in the 'Path' environment variable.
[2025-10-24 10:18:37Z INFO ScriptHandler] Defaulting to powershell
[2025-10-24 10:18:37Z INFO ScriptHandler] Which2: 'powershell'
[2025-10-24 10:18:37Z INFO ScriptHandler] Location: 'C:\Windows\System32\WindowsPowerShell\v1.0\powershell.EXE'
[2025-10-24 10:18:37Z INFO ProcessInvokerWrapper] Starting process:
[2025-10-24 10:18:37Z INFO ProcessInvokerWrapper]   File name: 'C:\Windows\System32\WindowsPowerShell\v1.0\powershell.EXE'
[2025-10-24 10:18:37Z INFO ProcessInvokerWrapper]   Arguments: '-command ". 'C:\Users\Raika\Desktop\vuln-server\actions-runner\_work\_temp\249a915c-f303-482e-8ca8-588eb789291d.ps1'"'
[2025-10-24 10:18:37Z INFO ProcessInvokerWrapper]   Working directory: 'C:\Users\Raika\Desktop\vuln-server\actions-runner\_work\vuln-server\vuln-server'
[2025-10-24 10:18:37Z INFO ProcessInvokerWrapper]   Require exit code zero: 'False'
[2025-10-24 10:18:37Z INFO ProcessInvokerWrapper]   Encoding web name:  ; code page: ''
[2025-10-24 10:18:37Z INFO ProcessInvokerWrapper]   Force kill process on cancellation: 'False'
[2025-10-24 10:18:37Z INFO ProcessInvokerWrapper]   Redirected STDIN: 'False'
[2025-10-24 10:18:37Z INFO ProcessInvokerWrapper]   Persist current code page: 'True'
[2025-10-24 10:18:37Z INFO ProcessInvokerWrapper]   Keep redirected STDIN open: 'False'
[2025-10-24 10:18:37Z INFO ProcessInvokerWrapper]   High priority process: 'False'
[2025-10-24 10:18:37Z INFO ProcessInvokerWrapper] Process started with process id 26700, waiting for process exit.
[2025-10-24 10:18:37Z INFO JobServerQueue] Job timeline record has been updated for the first time.
[2025-10-24 10:18:38Z INFO JobServerQueue] Try to append 1 batches web console lines for record '8c186c92-bab9-435d-a636-79561bcec36b', success rate: 1/1.
[2025-10-24 10:18:38Z INFO JobServerQueue] Try to append 1 batches web console lines for record 'c5972c60-ed34-4440-b17e-592c62546d94', success rate: 1/1.
[2025-10-24 10:18:38Z INFO JobServerQueue] Got a step log file to send to results service.
[2025-10-24 10:18:38Z INFO JobServerQueue] Starting upload of step log file to results service ResultsLog, C:\Users\Raika\Desktop\vuln-server\actions-runner\_diag\blocks\9db215a4-f7e7-4f97-ba74-21056be82094_6411fe93-9ddb-4039-9116-14ab886a4d5e.1
[2025-10-24 10:18:38Z INFO JobServerQueue] Try to upload 2 log files or attachments, success rate: 2/2.
[2025-10-24 10:18:38Z INFO ProcessInvokerWrapper] STDOUT/STDERR stream read finished.
[2025-10-24 10:18:38Z INFO ProcessInvokerWrapper] STDOUT/STDERR stream read finished.
[2025-10-24 10:18:38Z INFO ProcessInvokerWrapper] Finished process 26700 with exit code 0, and elapsed time 00:00:00.3674982.
[2025-10-24 10:18:38Z INFO CreateStepSummaryCommand] Step Summary file (C:\Users\Raika\Desktop\vuln-server\actions-runner\_work\_temp\_runner_file_commands\step_summary_a2a0b8ea-b5fe-46c4-92dc-e70ca6f94c73) is empty; skipping attachment upload
[2025-10-24 10:18:38Z INFO StepsRunner] Step result: 
[2025-10-24 10:18:38Z INFO ExecutionContext] Publish step telemetry for current step {
  "action": "powershell",
  "type": "run",
  "stage": "Main",
  "stepId": "c5972c60-ed34-4440-b17e-592c62546d94",
  "stepContextName": "__run_2",
  "result": "succeeded",
  "errorMessages": [],
  "executionTimeInSeconds": 1,
  "startTime": "2025-10-24T10:18:37.840864Z",
  "finishTime": "2025-10-24T10:18:38.2446333Z"
}.
[2025-10-24 10:18:38Z INFO StepsRunner] No need for updating job result with current step result 'Succeeded'.
[2025-10-24 10:18:38Z INFO StepsRunner] Current state: job state = ''
[2025-10-24 10:18:38Z INFO JobRunner] Finalize job.
[2025-10-24 10:18:38Z INFO HostContext] Well known directory 'Bin': 'C:\Users\Raika\Desktop\vuln-server\actions-runner\bin'
[2025-10-24 10:18:38Z INFO HostContext] Well known directory 'Root': 'C:\Users\Raika\Desktop\vuln-server\actions-runner'
[2025-10-24 10:18:38Z INFO HostContext] Well known directory 'Diag': 'C:\Users\Raika\Desktop\vuln-server\actions-runner\_diag'
[2025-10-24 10:18:38Z INFO HostContext] Well known directory 'Bin': 'C:\Users\Raika\Desktop\vuln-server\actions-runner\bin'
[2025-10-24 10:18:38Z INFO HostContext] Well known directory 'Root': 'C:\Users\Raika\Desktop\vuln-server\actions-runner'
[2025-10-24 10:18:38Z INFO HostContext] Well known directory 'Diag': 'C:\Users\Raika\Desktop\vuln-server\actions-runner\_diag'
[2025-10-24 10:18:38Z INFO JobExtension] Initialize Env context
[2025-10-24 10:18:38Z INFO JobExtension] Initialize steps context
[2025-10-24 10:18:38Z INFO JobExtension] Total accessible running process: 373.
[2025-10-24 10:18:38Z INFO JobServerQueue] Try to append 1 batches web console lines for record 'c5972c60-ed34-4440-b17e-592c62546d94', success rate: 1/1.
[2025-10-24 10:18:38Z INFO JobServerQueue] Try to append 1 batches web console lines for record '4b4e4171-b36a-4bea-a262-8a5735143126', success rate: 1/1.
[2025-10-24 10:18:38Z INFO JobExtension] Inspecting process environment variables. PID: 34072 (dllhost)
[2025-10-24 10:18:38Z INFO ExecutionContext] Publish step telemetry for current step {
  "action": "complete_job",
  "type": "runner",
  "stage": "Post",
  "stepId": "4b4e4171-b36a-4bea-a262-8a5735143126",
  "result": "succeeded",
  "errorMessages": [],
  "executionTimeInSeconds": 1,
  "startTime": "2025-10-24T10:18:38.2538935Z",
  "finishTime": "2025-10-24T10:18:38.3067221Z"
}.
[2025-10-24 10:18:38Z INFO JobRunner] Job result after all job steps finish: Succeeded
[2025-10-24 10:18:38Z INFO JobRunner] Completing the job execution context.
[2025-10-24 10:18:38Z INFO JobRunner] Shutting down the job server queue.
[2025-10-24 10:18:38Z INFO JobServerQueue] Fire signal to shutdown all queues.
[2025-10-24 10:18:38Z INFO JobServerQueue] Got a step log file to send to results service.
[2025-10-24 10:18:38Z INFO JobServerQueue] Starting upload of step log file to results service ResultsLog, C:\Users\Raika\Desktop\vuln-server\actions-runner\_diag\blocks\9db215a4-f7e7-4f97-ba74-21056be82094_8c186c92-bab9-435d-a636-79561bcec36b.1
[2025-10-24 10:18:39Z INFO JobServerQueue] Tried to upload 2 file(s) to results, success rate: 2/2.
[2025-10-24 10:18:40Z INFO JobServerQueue] All queue process task stopped.
[2025-10-24 10:18:40Z INFO JobServerQueue] Web console line queue drained.
[2025-10-24 10:18:40Z INFO JobServerQueue] Uploading 3 files in one shot.
[2025-10-24 10:18:40Z INFO JobServerQueue] Try to upload 3 log files or attachments, success rate: 3/3.
[2025-10-24 10:18:40Z INFO JobServerQueue] File upload queue drained.
[2025-10-24 10:18:40Z INFO JobServerQueue] Starting results-based upload queue...
[2025-10-24 10:18:40Z INFO JobServerQueue] Uploading 3 file(s) in one shot through results service.
[2025-10-24 10:18:40Z INFO JobServerQueue] Got a step log file to send to results service.
[2025-10-24 10:18:40Z INFO JobServerQueue] Starting upload of step log file to results service ResultsLog, C:\Users\Raika\Desktop\vuln-server\actions-runner\_diag\blocks\9db215a4-f7e7-4f97-ba74-21056be82094_c5972c60-ed34-4440-b17e-592c62546d94.1
[2025-10-24 10:18:40Z INFO JobServerQueue] Got a step log file to send to results service.
[2025-10-24 10:18:40Z INFO JobServerQueue] Starting upload of step log file to results service ResultsLog, C:\Users\Raika\Desktop\vuln-server\actions-runner\_diag\blocks\9db215a4-f7e7-4f97-ba74-21056be82094_4b4e4171-b36a-4bea-a262-8a5735143126.1
[2025-10-24 10:18:40Z INFO JobServerQueue] Got a job log file to send to results service.
[2025-10-24 10:18:40Z INFO JobServerQueue] Starting upload of job log file to results service ResultsLog, C:\Users\Raika\Desktop\vuln-server\actions-runner\_diag\blocks\9db215a4-f7e7-4f97-ba74-21056be82094_48106e7f-d8e3-5c30-9a78-a060bd222262.1
[2025-10-24 10:18:41Z INFO JobServerQueue] Tried to upload 3 file(s) to results, success rate: 3/3.
[2025-10-24 10:18:41Z INFO JobServerQueue] Results upload queue drained.
[2025-10-24 10:18:41Z INFO JobServerQueue] Timeline update queue drained.
[2025-10-24 10:18:41Z INFO JobServerQueue] Disposing job server ...
[2025-10-24 10:18:41Z INFO JobServerQueue] Disposing results server ...
[2025-10-24 10:18:41Z INFO JobServerQueue] All queue process tasks have been stopped, and all queues are drained.
[2025-10-24 10:18:41Z INFO TempDirectoryManager] Cleaning runner temp folder: C:\Users\Raika\Desktop\vuln-server\actions-runner\_work\_temp
[2025-10-24 10:18:41Z INFO HostContext] Well known directory 'Bin': 'C:\Users\Raika\Desktop\vuln-server\actions-runner\bin'
[2025-10-24 10:18:41Z INFO HostContext] Well known directory 'Root': 'C:\Users\Raika\Desktop\vuln-server\actions-runner'
[2025-10-24 10:18:41Z INFO HostContext] Well known directory 'Diag': 'C:\Users\Raika\Desktop\vuln-server\actions-runner\_diag'
[2025-10-24 10:18:41Z INFO HostContext] Well known config file 'Telemetry': 'C:\Users\Raika\Desktop\vuln-server\actions-runner\_diag\.telemetry'
[2025-10-24 10:18:41Z INFO JobRunner] Raising job completed against run service
[2025-10-24 10:18:41Z INFO Worker] Job completed.
